*----------------------------------------------------------------------------------------
*	Innovus 20.11-s130_1 (64bit) 08/05/2020 15:53 (Linux 2.6.32-431.11.2.el6.x86_64)
*	
*
* 	Date & Time:	2023-Nov-20 15:12:40 (2023-Nov-20 14:12:40 GMT)
*
*----------------------------------------------------------------------------------------
*
*	Design: IIR
*
*	Liberty Libraries used: 
*	        MyAnView: /home/isa01_2023_2024/renato/ISA_labs/LAB1/basic/innovus/IIR.dat/libs/mmmc/NangateOpenCellLibrary_typical_ecsm_nowlm.lib
*
*	Power Domain used: 
*              Rail:        VDD      Voltage:        1.1 
*
*       Power View : MyAnView
*
*       User-Defined Activity : N.A.
*
*	Switching Activity File used: 
*	        ../vcd/design.vcd
*                    Vcd Window used(Start Time, Stop Time):   
*                     Vcd Scale Factor: 1 
* *                    Design annotation coverage: 0/903 = 0% 
*
*       Hierarchical Global Activity: N.A.
*
*       Global Activity: N.A.
*
*       Sequential Element Activity: N.A.
*
*       Primary Input Activity: 0.200000
*
*       Default icg ratio: N.A.
*
*       Global Comb ClockGate Ratio: N.A.
*
*	Power Units = 1mW
*
*	Time Units = 1e-09 secs 
*
*       Temperature = 25 
*
*       report_power -outfile .//IIR.rpt -rail_analysis_format VS
*
-----------------------------------------------------------------------------------------
Cell                            Internal   Switching       Total     Leakage   Cell
                                   Power       Power       Power       Power   Name
--------------------------------------------------------------------------------------
CTS_ccl_a_buf_00003             0.000888    0.006785    0.007704   3.057e-05  CLKBUF_X3
clk_gate_U_SN_REG_data_out_reg/latch  0.0009215   0.0006968    0.001677   5.843e-05  CLKGATETST_X1
U_SN_REG_data_out_reg_7_       0.0005305    0.000584    0.001203   8.872e-05  DFFR_X1
mult_226/U7                     0.000613   0.0003507    0.001039    7.51e-05  FA_X1
U_SN_REG_data_out_reg_5_       0.0004681   0.0003969   0.0009533   8.825e-05  DFFR_X1
vin_d1_reg                      0.000744   0.0001196   0.0009518   8.822e-05  DFFR_X1
U_SN_REG_data_out_reg_8_       0.0004308   0.0004243   0.0009436   8.857e-05  DFFR_X1
mult_226/U6                    0.0005602   0.0002995   0.0009373   7.756e-05  FA_X1
U_SN_REG_data_out_reg_4_       0.0004593   0.0003817   0.0009294   8.847e-05  DFFR_X1
VOUT_reg                        0.000742    9.54e-05   0.0009256   8.822e-05  DFFR_X1
OUT_REG_data_out_reg_6_        0.0007043   9.593e-05   0.0008885   8.827e-05  DFFR_X1
U_SN_REG_data_out_reg_6_       0.0004174    0.000382   0.0008879   8.855e-05  DFFR_X1
U_SN_REG_data_out_reg_2_       0.0003936   0.0004003   0.0008822   8.831e-05  DFFR_X1
U_SN_REG_data_out_reg_3_       0.0003937   0.0003949   0.0008769   8.831e-05  DFFR_X1
mult_226/U5                    0.0005044   0.0002948    0.000875   7.574e-05  FA_X1
IN_REG_data_out_reg_3_         0.0005509   0.0002334   0.0008725   8.822e-05  DFFR_X1
IN_REG_data_out_reg_1_         0.0005509   0.0002255   0.0008646   8.822e-05  DFFR_X1
IN_REG_data_out_reg_2_         0.0005509   0.0002207   0.0008598   8.822e-05  DFFR_X1
mult_226/U32                    0.000463   0.0003057   0.0008417   7.299e-05  FA_X1
OUT_REG_data_out_reg_4_        0.0006649   7.702e-05   0.0008301    8.82e-05  DFFR_X1
mult_226/U29                    0.000447    0.000302   0.0008286   7.964e-05  FA_X1
mult_226/U41                   0.0004534   0.0002993   0.0008274   7.476e-05  FA_X1
mult_222/U7                    0.0004834   0.0002646   0.0008229   7.488e-05  FA_X1
mult_226/U36                   0.0004622   0.0002859   0.0008178   6.978e-05  FA_X1
OUT_REG_data_out_reg_7_        0.0006367   8.035e-05   0.0008053   8.826e-05  DFFR_X1
IN_REG_data_out_reg_0_          0.000525   0.0001799   0.0007931   8.821e-05  DFFR_X1
mult_211/U8                    0.0004405   0.0002727   0.0007865   7.343e-05  FA_X1
mult_222/U6                     0.000436   0.0002664   0.0007805   7.802e-05  FA_X1
mult_226/U45                   0.0004308   0.0002663   0.0007698   7.276e-05  FA_X1
OUT_REG_data_out_reg_5_        0.0005991   7.394e-05   0.0007613    8.83e-05  DFFR_X1
mult_211/U42                   0.0003957   0.0002764   0.0007386   6.651e-05  FA_X1
mult_226/U4                    0.0004307   0.0002305   0.0007378   7.654e-05  FA_X1
U_SN_REG_data_out_reg_0_       0.0003667   0.0002778   0.0007327   8.823e-05  DFFR_X1
U_SN_REG_data_out_reg_1_       0.0003936   0.0002496   0.0007315   8.831e-05  DFFR_X1
A1_IN_REG_data_out_reg_7_      0.0006365           0   0.0007226   8.614e-05  DFFR_X1
A1_IN_REG_data_out_reg_8_      0.0006365           0   0.0007226   8.614e-05  DFFR_X1
A1_IN_REG_data_out_reg_9_      0.0006365           0   0.0007226   8.614e-05  DFFR_X1
B0_IN_REG_data_out_reg_5_      0.0006365           0   0.0007226   8.614e-05  DFFR_X1
B0_IN_REG_data_out_reg_3_      0.0006365           0   0.0007226   8.614e-05  DFFR_X1
B1_IN_REG_data_out_reg_9_      0.0006365           0   0.0007226   8.614e-05  DFFR_X1
A1_IN_REG_data_out_reg_2_      0.0006365           0   0.0007226   8.614e-05  DFFR_X1
A1_IN_REG_data_out_reg_3_      0.0006365           0   0.0007226   8.614e-05  DFFR_X1
A1_IN_REG_data_out_reg_0_      0.0006365           0   0.0007226   8.614e-05  DFFR_X1
B1_IN_REG_data_out_reg_8_      0.0006365           0   0.0007226   8.614e-05  DFFR_X1
B1_IN_REG_data_out_reg_5_      0.0006365           0   0.0007226   8.614e-05  DFFR_X1
A1_IN_REG_data_out_reg_5_      0.0006365           0   0.0007226   8.614e-05  DFFR_X1
B1_IN_REG_data_out_reg_3_      0.0006365           0   0.0007226   8.614e-05  DFFR_X1
B0_IN_REG_data_out_reg_9_      0.0006365           0   0.0007226   8.614e-05  DFFR_X1
B0_IN_REG_data_out_reg_8_      0.0006365           0   0.0007226   8.614e-05  DFFR_X1
A1_IN_REG_data_out_reg_1_      0.0006264   3.966e-06   0.0007217   9.129e-05  DFFR_X1
B0_IN_REG_data_out_reg_7_      0.0006264   1.606e-06   0.0007193   9.129e-05  DFFR_X1
B1_IN_REG_data_out_reg_7_      0.0006264   1.493e-06   0.0007192   9.129e-05  DFFR_X1
B0_IN_REG_data_out_reg_6_      0.0006264   9.683e-07   0.0007187   9.129e-05  DFFR_X1
B1_IN_REG_data_out_reg_6_      0.0006264   8.924e-07   0.0007186   9.129e-05  DFFR_X1
B1_IN_REG_data_out_reg_1_      0.0006264   8.801e-07   0.0007186   9.129e-05  DFFR_X1
A1_IN_REG_data_out_reg_4_      0.0006264   8.625e-07   0.0007186   9.129e-05  DFFR_X1
B1_IN_REG_data_out_reg_4_      0.0006264   8.586e-07   0.0007186   9.129e-05  DFFR_X1
A1_IN_REG_data_out_reg_6_      0.0006264   8.547e-07   0.0007185   9.129e-05  DFFR_X1
B0_IN_REG_data_out_reg_4_      0.0006264   8.524e-07   0.0007185   9.129e-05  DFFR_X1
B0_IN_REG_data_out_reg_1_      0.0006264   8.015e-07   0.0007185   9.129e-05  DFFR_X1
B0_IN_REG_data_out_reg_2_      0.0006264   6.357e-07   0.0007183   9.129e-05  DFFR_X1
B1_IN_REG_data_out_reg_2_      0.0006264    6.15e-07   0.0007183   9.129e-05  DFFR_X1
B0_IN_REG_data_out_reg_0_      0.0006264    2.52e-07   0.0007179   9.129e-05  DFFR_X1
B1_IN_REG_data_out_reg_0_      0.0006264   2.129e-07   0.0007179   9.129e-05  DFFR_X1
mult_222/U5                    0.0003988   0.0002331   0.0007069   7.501e-05  FA_X1
mult_222/U29                    0.000372   0.0002541   0.0007068   8.077e-05  FA_X1
IN_REG_data_out_reg_9_         0.0005214   9.489e-05   0.0007045    8.82e-05  DFFR_X1
mult_226/U49                   0.0003846   0.0002366   0.0006961   7.497e-05  FA_X1
IN_REG_data_out_reg_7_         0.0005481    5.26e-05    0.000689   8.822e-05  DFFR_X1
IN_REG_data_out_reg_4_         0.0005481   5.247e-05   0.0006888   8.822e-05  DFFR_X1
mult_222/U41                   0.0003655   0.0002463   0.0006881   7.629e-05  FA_X1
add_216/U1_7                   0.0002368   0.0003762   0.0006881   7.516e-05  FA_X1
IN_REG_data_out_reg_8_         0.0005374   6.186e-05   0.0006875    8.82e-05  DFFR_X1
mult_226/U261                  0.0004337   0.0001955   0.0006751    4.59e-05  AOI222_X1
IN_REG_data_out_reg_6_         0.0005231   6.372e-05    0.000675   8.821e-05  DFFR_X1
mult_226/U37                   0.0003682   0.0002343   0.0006728   7.032e-05  FA_X1
mult_222/U4                    0.0003806   0.0002114   0.0006683   7.638e-05  FA_X1
mult_222/U36                    0.000368   0.0002268   0.0006636   6.886e-05  FA_X1
add_216/U1_5                   0.0002058   0.0003837   0.0006628   7.335e-05  FA_X1
mult_226/U249                  0.0004236   0.0001886   0.0006604   4.822e-05  AOI222_X1
OUT_REG_data_out_reg_8_        0.0005216   4.994e-05   0.0006597   8.822e-05  DFFR_X1
IN_REG_data_out_reg_5_         0.0005227   4.883e-05   0.0006597   8.821e-05  DFFR_X1
mult_211/U50                   0.0003586   0.0002234   0.0006563   7.441e-05  FA_X1
mult_211/U46                    0.000359   0.0002166   0.0006456   6.997e-05  FA_X1
mult_222/U32                    0.000337   0.0002297   0.0006392    7.25e-05  FA_X1
mult_222/U49                   0.0003474   0.0002071   0.0006306   7.611e-05  FA_X1
mult_211/U6                    0.0003513   0.0001984   0.0006214   7.173e-05  FA_X1
mult_226/U52                   0.0003745   0.0001714   0.0006204   7.459e-05  FA_X1
mult_226/U26                   0.0003299   0.0002139   0.0006183    7.44e-05  FA_X1
mult_211/U7                    0.0003427   0.0001996   0.0006173   7.505e-05  FA_X1
mult_222/U45                     0.00034   0.0002035   0.0006151    7.16e-05  FA_X1
add_216/U1_6                   0.0002255   0.0003128   0.0006126   7.434e-05  FA_X1
mult_226/U251                   0.000395   0.0001704   0.0006123   4.686e-05  AOI222_X1
mult_211/U30                   0.0003229   0.0002128   0.0006109   7.515e-05  FA_X1
mult_211/U37                   0.0003317   0.0002021   0.0006045   7.069e-05  FA_X1
mult_226/U42                   0.0003204   0.0002116   0.0005968   6.484e-05  FA_X1
mult_222/U52                   0.0003548   0.0001651   0.0005949   7.504e-05  FA_X1
mult_226/U257                  0.0003578   0.0001852   0.0005902    4.72e-05  AOI222_X1
mult_226/U24                   0.0003016   0.0001931   0.0005718   7.705e-05  FA_X1
mult_222/U257                  0.0003375   0.0001821   0.0005652    4.56e-05  AOI222_X1
mult_226/U46                   0.0003052   0.0001844   0.0005639   7.432e-05  FA_X1
add_216/U1_8                   0.0001941    0.000292   0.0005608   7.462e-05  FA_X1
mult_226/U53                   0.0003073   0.0001777   0.0005588   7.381e-05  FA_X1
mult_211/U252                   0.000337   0.0001719    0.000552    4.32e-05  AOI222_X1
mult_226/U47                   0.0002932   0.0001826   0.0005514   7.557e-05  FA_X1
mult_222/U249                  0.0003409   0.0001605   0.0005503   4.898e-05  AOI222_X1
mult_211/U48                   0.0002868     0.00019     0.00055    7.32e-05  FA_X1
mult_211/U43                   0.0002946   0.0001883   0.0005499   6.701e-05  FA_X1
mult_226/U31                   0.0002867   0.0001896   0.0005488   7.242e-05  FA_X1
mult_226/U38                   0.0002673   0.0001989   0.0005445    7.82e-05  FA_X1
mult_226/U43                   0.0002747   0.0001853   0.0005387   7.861e-05  FA_X1
mult_226/U30                   0.0002984   0.0001607   0.0005368   7.769e-05  FA_X1
mult_226/U34                   0.0002862   0.0001738   0.0005355    7.55e-05  FA_X1
mult_222/U53                   0.0002868   0.0001722   0.0005339   7.484e-05  FA_X1
mult_222/U251                  0.0003163   0.0001684   0.0005311   4.645e-05  AOI222_X1
mult_222/U26                   0.0002749    0.000182   0.0005302   7.328e-05  FA_X1
mult_211/U254                  0.0003403   0.0001428   0.0005283   4.519e-05  AOI222_X1
mult_222/U24                   0.0002712   0.0001775   0.0005256   7.698e-05  FA_X1
mult_226/U33                   0.0002715   0.0001707   0.0005248   8.254e-05  FA_X1
mult_226/U51                   0.0002813   0.0001668   0.0005235   7.538e-05  FA_X1
mult_226/U50                    0.000282   0.0001664   0.0005212   7.288e-05  FA_X1
mult_211/U33                   0.0002732   0.0001702   0.0005138   7.033e-05  FA_X1
mult_211/U264                  0.0003272   0.0001407   0.0005125   4.456e-05  AOI222_X1
U_SN_REG_data_out_reg_9_        0.000278   0.0001399   0.0005063   8.849e-05  DFFR_X1
mult_222/U37                   0.0002676   0.0001687   0.0005057   6.941e-05  FA_X1
mult_226/U57                   0.0002854   0.0001282   0.0004896   7.603e-05  FA_X1
mult_222/U31                   0.0002546    0.000162   0.0004872   7.056e-05  FA_X1
mult_222/U46                   0.0002458   0.0001627   0.0004849   7.636e-05  FA_X1
mult_222/U38                    0.000254   0.0001495    0.000481   7.759e-05  FA_X1
mult_226/U59                    0.000274   0.0001325   0.0004807   7.416e-05  FA_X1
mult_211/U27                    0.000239   0.0001713   0.0004801   6.976e-05  FA_X1
mult_226/U250                  0.0001414   0.0003227   0.0004777   1.366e-05  INV_X1
mult_222/U43                   0.0002512   0.0001453   0.0004743   7.783e-05  FA_X1
mult_226/U252                  0.0002294   0.0001894    0.000474    5.52e-05  OAI222_X1
mult_211/U260                  0.0003002   0.0001247   0.0004724   4.751e-05  AOI222_X1
mult_226/U3                    0.0002639   0.0001301   0.0004709   7.695e-05  FA_X1
mult_226/U248                  0.0001538   0.0003032   0.0004705   1.341e-05  INV_X1
mult_211/U52                   0.0002513   0.0001509   0.0004685   6.628e-05  FA_X1
mult_211/U253                  0.0001228   0.0003267   0.0004635   1.395e-05  INV_X1
mult_226/U259                  0.0003083    0.000108   0.0004617   4.551e-05  AOI222_X1
mult_222/U259                   0.000296   0.0001172   0.0004612   4.803e-05  AOI222_X1
add_216/U2                     9.425e-05   0.0003306   0.0004611    3.62e-05  XOR2_X1
mult_226/U260                  0.0001649   0.0002811   0.0004599   1.379e-05  INV_X1
OUT_REG_data_out_reg_9_        0.0003596   1.157e-05   0.0004594   8.825e-05  DFFR_X1
mult_226/U56                   0.0002352   0.0001484   0.0004573   7.368e-05  FA_X1
mult_222/U33                   0.0002277   0.0001372   0.0004501   8.519e-05  FA_X1
mult_211/U53                   0.0002529   0.0001151   0.0004464   7.843e-05  FA_X1
mult_226/U27                   0.0002236   0.0001476   0.0004464   7.525e-05  FA_X1
mult_211/U38                   0.0002259   0.0001454   0.0004369   6.555e-05  FA_X1
mult_222/U51                   0.0002211   0.0001348   0.0004337   7.777e-05  FA_X1
mult_222/U34                   0.0002192   0.0001285   0.0004263   7.859e-05  FA_X1
mult_226/U55                   0.0002405     0.00012   0.0004239   6.345e-05  FA_X1
mult_226/U44                   0.0001923   0.0001664   0.0004187   6.004e-05  HA_X1
mult_211/U44                   0.0002067   0.0001336   0.0004177   7.742e-05  FA_X1
mult_226/U22                   0.0002007   0.0001359   0.0004146   7.802e-05  FA_X1
mult_226/U281                  0.0002412   0.0001349    0.000413   3.693e-05  XOR2_X1
mult_222/U27                   0.0002008   0.0001371   0.0004127    7.48e-05  FA_X1
mult_211/U57                   0.0002035   0.0001268   0.0004098   7.961e-05  FA_X1
mult_222/U30                    0.000217   0.0001156   0.0004074   7.481e-05  FA_X1
mult_222/U42                   0.0002145   0.0001282   0.0004064   6.376e-05  FA_X1
add_216/U1_9                    0.000145   0.0001848   0.0004042    7.45e-05  FA_X1
mult_222/U47                    0.000202   0.0001264   0.0004012   7.282e-05  FA_X1
mult_222/U261                  0.0002499   0.0001038   0.0003995   4.582e-05  AOI222_X1
mult_211/U251                  0.0001322   0.0002523   0.0003989   1.442e-05  INV_X1
mult_211/U54                   0.0002017    0.000123   0.0003985   7.387e-05  FA_X1
mult_226/U256                  0.0001316   0.0002528   0.0003981    1.37e-05  INV_X1
mult_211/U262                   0.000252   9.505e-05   0.0003944   4.734e-05  AOI222_X1
mult_222/U252                  0.0001879   0.0001505   0.0003935     5.5e-05  OAI222_X1
mult_211/U56                   0.0002135   0.0001131     0.00039   6.339e-05  FA_X1
mult_222/U56                   0.0001947   0.0001192   0.0003886   7.461e-05  FA_X1
mult_211/U32                   0.0001967   0.0001247   0.0003878   6.644e-05  FA_X1
mult_222/U50                   0.0002006   0.0001139   0.0003848   7.026e-05  FA_X1
mult_211/U255                  0.0001846   0.0001436   0.0003837   5.549e-05  OAI222_X1
mult_211/U39                   0.0001991   0.0001158   0.0003814   6.661e-05  FA_X1
mult_226/U255                  0.0002026   0.0001334   0.0003811   4.515e-05  AOI222_X1
mult_211/U47                   0.0001991   0.0001205   0.0003802   6.069e-05  FA_X1
mult_211/U35                   0.0001926   0.0001219     0.00038   6.564e-05  FA_X1
mult_222/U248                  0.0001241   0.0002416    0.000379   1.328e-05  INV_X1
mult_222/U57                   0.0002034   9.412e-05   0.0003759   7.837e-05  FA_X1
mult_222/U22                   0.0001752    0.000122   0.0003743   7.716e-05  FA_X1
mult_222/U3                    0.0002044   9.217e-05   0.0003734   7.675e-05  FA_X1
mult_222/U55                   0.0002061   0.0001027   0.0003722    6.34e-05  FA_X1
U_SN_REG_data_out_reg_10_      0.0002135   6.724e-05   0.0003693   8.852e-05  DFFR_X1
mult_222/U250                  0.0001195   0.0002334   0.0003666   1.371e-05  INV_X1
mult_211/U60                   0.0001976    9.27e-05   0.0003654    7.51e-05  FA_X1
mult_222/U256                  0.0001332    0.000211   0.0003581   1.382e-05  INV_X1
mult_222/U59                   0.0001943   9.204e-05   0.0003581   7.174e-05  FA_X1
add_230_U1_6                   0.0002077   7.306e-05    0.000357   7.625e-05  FA_X1
mult_211/U58                   0.0001953   8.913e-05   0.0003569   7.241e-05  FA_X1
mult_211/U51                   0.0001785   0.0001062   0.0003561   7.145e-05  FA_X1
mult_211/U258                  0.0001639   0.0001426   0.0003506   4.406e-05  AOI222_X1
mult_211/U263                  0.0001266    0.000208   0.0003488   1.424e-05  INV_X1
mult_226/U258                   0.000109   0.0002243   0.0003475   1.421e-05  INV_X1
mult_222/U258                  0.0001022   0.0002235   0.0003392   1.353e-05  INV_X1
mult_211/U31                   0.0001716   9.401e-05   0.0003387   7.309e-05  FA_X1
add_230_U1_7                   0.0001852   7.334e-05   0.0003353   7.682e-05  FA_X1
mult_226/U285                  0.0001587   0.0001203   0.0003314   5.249e-05  OAI222_X1
mult_211/U259                  0.0001063   0.0002107   0.0003306   1.357e-05  INV_X1
mult_211/U34                   0.0001585   9.388e-05     0.00033   7.762e-05  FA_X1
mult_211/U5                    0.0001722   8.837e-05   0.0003271   6.648e-05  FA_X1
mult_222/U281                   0.000188   0.0001001   0.0003248   3.666e-05  XOR2_X1
mult_211/U28                   0.0001521   0.0001049   0.0003216   6.449e-05  FA_X1
mult_226/U54                   0.0001375   0.0001128   0.0003117   6.136e-05  HA_X1
add_230_U1_5                   0.0001721   6.474e-05   0.0003108   7.398e-05  FA_X1
mult_222/U54                   0.0001375   0.0001068   0.0003058   6.144e-05  HA_X1
mult_222/U44                   0.0001363    0.000107   0.0003002   5.695e-05  HA_X1
mult_222/U255                  0.0001425   0.0001012   0.0002896   4.597e-05  AOI222_X1
mult_222/U260                   8.93e-05   0.0001778   0.0002813   1.414e-05  INV_X1
mult_211/U267                  0.0001284   9.977e-05    0.000278   4.979e-05  OAI222_X1
mult_211/U61                   0.0001386   7.597e-05   0.0002759   6.137e-05  HA_X1
mult_222/U60                   0.0001358   7.536e-05   0.0002725   6.138e-05  HA_X1
mult_211/U261                  8.914e-05   0.0001685   0.0002715   1.387e-05  INV_X1
mult_226/U60                   0.0001358   7.226e-05   0.0002694   6.131e-05  HA_X1
mult_226/U21                   0.0001181   6.996e-05   0.0002642   7.608e-05  FA_X1
mult_226/U301                  0.0001262   9.873e-05     0.00026   3.509e-05  XOR2_X1
mult_211/U388                  1.934e-05   0.0002226    0.000256   1.411e-05  INV_X1
mult_226/U25                   0.0001187   6.124e-05   0.0002553    7.53e-05  FA_X1
add_216/U1_10                  0.0001127   6.796e-05   0.0002552   7.447e-05  FA_X1
mult_226/U385                   0.000147    8.17e-05   0.0002535   2.477e-05  XOR2_X1
mult_226/U320                   0.000147   8.153e-05   0.0002533   2.477e-05  XOR2_X1
mult_211/U412                   0.000144   7.409e-05   0.0002509   3.287e-05  XNOR2_X1
mult_226/U378                  0.0001433   8.028e-05   0.0002485   2.494e-05  XOR2_X1
mult_226/U314                  0.0001433   7.785e-05   0.0002461   2.494e-05  XOR2_X1
mult_222/U320                  0.0001443    7.59e-05    0.000245   2.479e-05  XOR2_X1
mult_222/U385                  0.0001442   7.281e-05   0.0002418   2.479e-05  XOR2_X1
mult_211/U4                    0.0001114   6.231e-05   0.0002413   6.755e-05  FA_X1
mult_226/U316                  0.0001421   7.375e-05    0.000241   2.513e-05  XOR2_X1
mult_226/U381                  0.0001421    7.37e-05    0.000241   2.513e-05  XOR2_X1
mult_222/U267                   0.000106   7.981e-05   0.0002405   5.476e-05  OAI222_X1
mult_226/U404                  1.861e-05   0.0002056   0.0002383   1.413e-05  INV_X1
mult_222/U394                  1.945e-05   0.0001978   0.0002313   1.411e-05  INV_X1
mult_211/U25                   9.695e-05   6.853e-05   0.0002253   5.986e-05  FA_X1
mult_211/U395                  2.153e-05    0.000187   0.0002228   1.428e-05  INV_X1
mult_211/U3                    9.836e-05   4.382e-05   0.0002213   7.914e-05  FA_X1
mult_211/U270                  0.0001046   7.845e-05   0.0002208    3.77e-05  AOI222_X1
mult_226/U48                   9.496e-05   5.871e-05   0.0002137   6.001e-05  HA_X1
mult_211/U45                   9.335e-05   5.595e-05   0.0002131   6.383e-05  HA_X1
mult_222/U48                   9.493e-05   5.765e-05   0.0002125   5.995e-05  HA_X1
mult_211/U55                   9.512e-05   5.664e-05   0.0002117   5.999e-05  HA_X1
mult_226/U272                  8.244e-05   9.927e-05   0.0002107   2.901e-05  OAI22_X1
mult_211/U323                  9.843e-05   8.997e-05   0.0002104   2.202e-05  OAI22_X1
mult_226/U315                  0.0001015   8.087e-05   0.0002101   2.766e-05  OAI22_X1
mult_226/U288                  0.0001009   7.232e-05   0.0002099   3.671e-05  AOI222_X1
mult_222/U321                  9.842e-05   8.905e-05   0.0002095   2.202e-05  OAI22_X1
mult_226/U337                  0.0001027   8.393e-05   0.0002083   2.166e-05  OAI22_X1
mult_226/U299                  0.0001025   8.223e-05   0.0002064   2.165e-05  OAI22_X1
mult_211/U314                  9.837e-05   8.583e-05   0.0002062   2.202e-05  OAI22_X1
mult_222/U337                  9.857e-05    8.03e-05    0.000206   2.716e-05  OAI22_X1
mult_226/U335                  9.832e-05   8.359e-05   0.0002058   2.386e-05  OAI22_X1
mult_226/U313                  9.858e-05   7.761e-05   0.0002015   2.531e-05  OAI22_X1
mult_222/U290                   8.06e-05   9.115e-05   0.0002003    2.85e-05  OAI22_X1
mult_226/U58                   9.478e-05   4.432e-05   0.0001992   6.005e-05  HA_X1
mult_226/U274                   9.51e-05    8.04e-05   0.0001991   2.359e-05  OAI22_X1
add_230_U1_8                   9.129e-05   3.075e-05    0.000199   7.695e-05  FA_X1
mult_226/U303                  9.857e-05   7.368e-05   0.0001975    2.53e-05  OAI22_X1
mult_211/U419                  0.0001063   5.745e-05   0.0001975   3.371e-05  XNOR2_X1
mult_222/U301                   8.73e-05   7.379e-05   0.0001966   3.553e-05  XOR2_X1
mult_211/U59                   9.471e-05   4.141e-05   0.0001961   5.999e-05  HA_X1
mult_226/U326                  9.514e-05   7.721e-05    0.000196   2.361e-05  OAI22_X1
mult_226/U318                   0.000112   5.879e-05   0.0001957   2.488e-05  XOR2_X1
mult_222/U349                  9.837e-05   7.501e-05   0.0001954   2.204e-05  OAI22_X1
mult_222/U58                   9.465e-05   4.031e-05    0.000195   5.999e-05  HA_X1
mult_226/U333                  9.585e-05    7.31e-05   0.0001945   2.557e-05  OAI22_X1
mult_226/U383                   0.000112   5.674e-05   0.0001936   2.488e-05  XOR2_X1
mult_211/U400                   9.84e-05   5.655e-05   0.0001934   3.842e-05  XNOR2_X1
mult_226/U293                  7.976e-05   8.764e-05   0.0001923   2.493e-05  OAI22_X1
mult_226/U322                  0.0001102    5.66e-05   0.0001917   2.487e-05  XOR2_X1
mult_226/U291                  7.893e-05   8.565e-05   0.0001914   2.679e-05  OAI22_X1
mult_226/U388                  0.0001102   5.585e-05   0.0001909   2.487e-05  XOR2_X1
mult_211/U297                  9.276e-05   6.036e-05   0.0001902   3.704e-05  MUX2_X1
mult_222/U322                  0.0001067   5.731e-05   0.0001889   2.489e-05  XOR2_X1
mult_211/U301                  8.421e-05   6.668e-05   0.0001874   3.649e-05  XOR2_X1
mult_222/U388                  0.0001067   5.514e-05   0.0001867   2.489e-05  XOR2_X1
mult_226/U407                  5.359e-05   8.268e-05   0.0001845   4.825e-05  XOR2_X1
mult_222/U270                  8.719e-05   6.055e-05   0.0001845   3.671e-05  AOI222_X1
mult_211/U292                  5.618e-05   8.502e-05   0.0001838   4.263e-05  OAI22_X1
mult_211/U346                  5.792e-05   7.752e-05   0.0001836   4.819e-05  XOR2_X1
mult_226/U360                  5.247e-05   8.312e-05   0.0001827   4.715e-05  XOR2_X1
mult_211/U381                  9.608e-05   5.075e-05    0.000182   3.515e-05  XNOR2_X1
mult_226/U401                  6.117e-05   7.259e-05   0.0001815   4.774e-05  XOR2_X1
mult_211/U411                  5.802e-05   7.519e-05   0.0001814   4.819e-05  XOR2_X1
mult_211/U379                  9.598e-05   4.976e-05   0.0001809   3.515e-05  XNOR2_X1
mult_226/U343                  5.366e-05   7.892e-05   0.0001808   4.825e-05  XOR2_X1
mult_211/U300                   9.82e-05   6.021e-05   0.0001804   2.204e-05  OAI22_X1
mult_222/U343                  5.805e-05   7.419e-05   0.0001804   4.819e-05  XOR2_X1
mult_226/U358                  6.124e-05   7.125e-05   0.0001802   4.774e-05  XOR2_X1
mult_222/U407                  5.805e-05   7.373e-05     0.00018   4.819e-05  XOR2_X1
mult_211/U389                   5.81e-05   7.323e-05   0.0001795   4.819e-05  XOR2_X1
mult_222/U316                  9.895e-05   5.452e-05   0.0001789   2.546e-05  XOR2_X1
mult_226/U295                  4.659e-05   9.054e-05   0.0001788    4.17e-05  OAI22_X1
mult_222/U364                  5.812e-05   7.247e-05   0.0001788   4.819e-05  XOR2_X1
mult_226/U364                  5.371e-05    7.65e-05   0.0001785   4.825e-05  XOR2_X1
mult_211/U26                   6.543e-05   3.762e-05    0.000178     7.5e-05  FA_X1
mult_226/U336                  6.137e-05   6.875e-05   0.0001779   4.774e-05  XOR2_X1
mult_211/U398                  9.408e-05   4.902e-05   0.0001777   3.461e-05  XNOR2_X1
mult_226/U254                  5.085e-05   0.0001121   0.0001773   1.435e-05  INV_X1
mult_222/U381                  9.891e-05   5.278e-05   0.0001771   2.546e-05  XOR2_X1
mult_211/U393                   9.42e-05   5.094e-05   0.0001768   3.168e-05  XNOR2_X1
mult_222/U21                   6.533e-05   3.622e-05   0.0001763   7.476e-05  FA_X1
mult_211/U368                  5.825e-05    6.97e-05   0.0001761   4.819e-05  XOR2_X1
mult_226/U305                  3.589e-05   9.758e-05    0.000176   4.252e-05  AOI22_X1
mult_226/U403                  5.263e-05    7.62e-05    0.000176   4.715e-05  XOR2_X1
mult_222/U25                   6.596e-05   3.288e-05   0.0001754   7.656e-05  FA_X1
mult_211/U353                  4.671e-05   5.682e-05   0.0001745   7.093e-05  OAI222_X1
mult_226/U269                  6.398e-05   8.161e-05   0.0001729    2.73e-05  OAI22_X1
mult_222/U376                  9.631e-05   5.091e-05   0.0001723   2.507e-05  XOR2_X1
mult_222/U312                  9.622e-05   5.059e-05   0.0001719   2.507e-05  XOR2_X1
mult_226/U338                  5.274e-05   7.163e-05   0.0001715   4.715e-05  XOR2_X1
mult_222/U310                  9.625e-05   4.929e-05   0.0001706   2.507e-05  XOR2_X1
mult_222/U374                  9.439e-05   5.074e-05   0.0001702   2.507e-05  XOR2_X1
mult_222/U318                  9.437e-05   5.063e-05     0.00017     2.5e-05  XOR2_X1
mult_226/U310                  9.405e-05   5.037e-05   0.0001695   2.506e-05  XOR2_X1
mult_226/U282                  4.839e-05   7.944e-05   0.0001694   4.154e-05  OAI22_X1
mult_226/U312                   9.42e-05   5.001e-05   0.0001693   2.506e-05  XOR2_X1
mult_226/U327                   7.84e-05   6.475e-05   0.0001692   2.603e-05  OAI22_X1
mult_226/U376                  9.405e-05   4.986e-05    0.000169   2.506e-05  XOR2_X1
mult_222/U254                  4.902e-05   0.0001054   0.0001688   1.435e-05  INV_X1
mult_226/U323                  7.586e-05   6.587e-05   0.0001686   2.685e-05  OAI22_X1
mult_222/U313                  4.725e-05   7.951e-05   0.0001684   4.165e-05  OAI22_X1
mult_222/U379                  9.613e-05   4.718e-05   0.0001684   2.507e-05  XOR2_X1
mult_226/U379                  9.419e-05   4.897e-05   0.0001682   2.506e-05  XOR2_X1
mult_211/U399                  9.389e-05   4.929e-05   0.0001681   2.487e-05  XOR2_X1
mult_211/U356                  9.389e-05   4.858e-05   0.0001673   2.487e-05  XOR2_X1
mult_211/U378                  9.388e-05    4.85e-05   0.0001673   2.487e-05  XOR2_X1
mult_226/U374                  9.412e-05   4.785e-05    0.000167   2.506e-05  XOR2_X1
mult_211/U333                  9.388e-05   4.808e-05   0.0001668   2.487e-05  XOR2_X1
mult_226/U321                  7.721e-05   6.652e-05   0.0001668   2.309e-05  OAI22_X1
mult_222/U383                  9.428e-05   4.723e-05   0.0001665     2.5e-05  XOR2_X1
mult_222/U314                  9.427e-05   4.747e-05   0.0001664   2.465e-05  XOR2_X1
mult_222/U378                  9.424e-05   4.586e-05   0.0001647   2.465e-05  XOR2_X1
mult_211/U294                  4.283e-05   7.803e-05   0.0001624    4.15e-05  OAI22_X1
mult_226/U280                  7.717e-05   6.122e-05   0.0001615   2.308e-05  OAI22_X1
mult_226/U345                  7.728e-05   6.074e-05   0.0001605   2.249e-05  OAI22_X1
mult_211/U311                  6.862e-05   6.307e-05   0.0001595    2.78e-05  OAI22_X1
mult_211/U23                   5.616e-05   3.883e-05   0.0001594    6.44e-05  FA_X1
mult_222/U345                  7.235e-05   5.986e-05   0.0001588   2.658e-05  OAI22_X1
mult_211/U327                  7.362e-05   6.067e-05    0.000157   2.272e-05  OAI22_X1
U53                            9.067e-05   2.711e-05   0.0001558   3.804e-05  XOR2_X1
mult_211/U307                  7.357e-05   5.946e-05   0.0001558   2.273e-05  OAI22_X1
mult_226/U329                  7.722e-05   5.458e-05   0.0001543   2.248e-05  OAI22_X1
mult_222/U357                  7.355e-05   5.766e-05   0.0001539   2.273e-05  OAI22_X1
mult_211/U279                  3.919e-05    7.25e-05   0.0001539   4.225e-05  OAI22_X1
mult_222/U315                  6.668e-05   6.636e-05   0.0001539   2.082e-05  OAI22_X1
mult_226/U271                  4.671e-05   6.141e-05   0.0001509   4.275e-05  OAI22_X1
mult_226/U410                  4.019e-05   6.168e-05   0.0001498   4.794e-05  XOR2_X1
mult_211/U290                  6.291e-05   6.174e-05   0.0001496   2.491e-05  OAI22_X1
mult_222/U319                  6.533e-05   5.921e-05   0.0001494    2.49e-05  OAI22_X1
mult_226/U294                  6.604e-05   5.859e-05    0.000149   2.439e-05  OAI22_X1
mult_222/U410                   4.25e-05    5.71e-05   0.0001475   4.788e-05  XOR2_X1
mult_211/U298                  6.845e-05   5.109e-05   0.0001473    2.78e-05  OAI22_X1
mult_226/U340                  4.108e-05    5.81e-05   0.0001471   4.792e-05  XOR2_X1
mult_211/U296                  6.535e-05   5.676e-05    0.000147   2.488e-05  OAI22_X1
mult_222/U302                  6.844e-05   5.037e-05   0.0001466    2.78e-05  OAI22_X1
mult_222/U293                  6.608e-05   5.622e-05   0.0001466    2.43e-05  OAI22_X1
mult_222/U367                  4.255e-05   5.574e-05   0.0001462   4.788e-05  XOR2_X1
mult_211/U276                  6.529e-05   5.564e-05   0.0001458    2.49e-05  OAI22_X1
mult_222/U335                  6.833e-05    4.96e-05   0.0001457   2.781e-05  OAI22_X1
mult_226/U405                  4.111e-05    5.66e-05   0.0001456   4.792e-05  XOR2_X1
mult_222/U326                  6.609e-05   5.531e-05   0.0001456   2.423e-05  OAI22_X1
mult_226/U275                  6.142e-05   5.587e-05   0.0001454   2.812e-05  OAI22_X1
mult_211/U392                  4.257e-05    5.49e-05   0.0001453   4.788e-05  XOR2_X1
mult_226/U362                  4.112e-05    5.63e-05   0.0001453   4.792e-05  XOR2_X1
mult_222/U282                  5.437e-05   6.547e-05   0.0001452    2.54e-05  OAI22_X1
mult_226/U367                  4.028e-05   5.698e-05   0.0001452   4.794e-05  XOR2_X1
mult_222/U300                  6.605e-05   5.481e-05   0.0001452    2.43e-05  OAI22_X1
mult_211/U345                   4.26e-05   5.415e-05   0.0001446   4.788e-05  XOR2_X1
mult_222/U295                   5.91e-05   5.769e-05   0.0001446   2.783e-05  OAI22_X1
mult_226/U342                   4.03e-05   5.609e-05   0.0001443   4.794e-05  XOR2_X1
mult_211/U319                  7.345e-05   4.815e-05   0.0001443   2.272e-05  OAI22_X1
mult_226/U302                  6.598e-05   5.389e-05   0.0001443   2.439e-05  OAI22_X1
mult_211/U414                  4.262e-05   5.369e-05   0.0001442   4.788e-05  XOR2_X1
mult_211/U371                  4.262e-05   5.365e-05   0.0001441   4.788e-05  XOR2_X1
mult_222/U344                  6.285e-05   5.621e-05    0.000144   2.491e-05  OAI22_X1
mult_226/U270                   6.53e-05   5.374e-05   0.0001438    2.48e-05  OAI22_X1
mult_222/U291                  6.532e-05   5.336e-05   0.0001436   2.488e-05  OAI22_X1
mult_211/U289                  6.533e-05   5.334e-05   0.0001435   2.488e-05  OAI22_X1
mult_226/U287                  3.922e-05   8.994e-05   0.0001435   1.435e-05  INV_X1
mult_222/U342                  4.268e-05   5.257e-05   0.0001431   4.788e-05  XOR2_X1
mult_211/U287                  6.531e-05   5.277e-05    0.000143   2.488e-05  OAI22_X1
mult_222/U280                  6.531e-05   5.271e-05   0.0001429   2.488e-05  OAI22_X1
mult_222/U305                  6.471e-05   4.958e-05   0.0001427   2.845e-05  OAI22_X1
mult_211/U408                  6.519e-05   5.213e-05   0.0001423   2.499e-05  OAI22_X1
mult_211/U318                   6.29e-05   5.448e-05   0.0001423    2.49e-05  OAI22_X1
mult_222/U304                  6.524e-05   5.167e-05   0.0001418    2.49e-05  OAI22_X1
mult_222/U327                  7.342e-05   4.518e-05   0.0001413   2.272e-05  OAI22_X1
mult_222/U307                   3.38e-05   6.595e-05   0.0001409   4.113e-05  AOI22_X1
mult_211/U277                  6.529e-05   5.055e-05   0.0001407   2.488e-05  OAI22_X1
mult_226/U298                  6.522e-05   5.029e-05   0.0001403   2.481e-05  OAI22_X1
mult_226/U392                  6.506e-05   5.033e-05   0.0001403    2.49e-05  OAI22_X1
mult_222/U311                   6.29e-05   5.221e-05     0.00014    2.49e-05  OAI22_X1
mult_222/U389                  6.504e-05   4.991e-05   0.0001399   2.499e-05  OAI22_X1
mult_226/U265                  6.526e-05   4.964e-05   0.0001397    2.48e-05  OAI22_X1
mult_222/U271                  5.308e-05   5.666e-05   0.0001396    2.99e-05  OAI22_X1
mult_222/U409                  6.614e-05   4.926e-05   0.0001396   2.421e-05  OAI22_X1
mult_211/U369                  6.516e-05   4.939e-05   0.0001395   2.499e-05  OAI22_X1
mult_211/U380                  3.874e-05   5.267e-05   0.0001388   4.735e-05  XOR2_X1
mult_226/U331                   6.52e-05   4.866e-05   0.0001387   2.481e-05  OAI22_X1
mult_211/U272                  3.652e-05   5.828e-05   0.0001386   4.384e-05  OAI22_X1
mult_226/U412                  6.609e-05   4.798e-05   0.0001384   2.429e-05  OAI22_X1
mult_211/U403                  3.859e-05   5.239e-05   0.0001383   4.735e-05  XOR2_X1
mult_211/U275                  3.922e-05   5.872e-05   0.0001379   3.997e-05  OAI22_X1
mult_211/U288                  6.822e-05   4.186e-05   0.0001379   2.781e-05  OAI22_X1
mult_222/U415                  6.496e-05   4.787e-05   0.0001378     2.5e-05  OAI22_X1
mult_226/U417                    6.5e-05   4.775e-05   0.0001377   2.492e-05  OAI22_X1
mult_211/U305                  6.285e-05    4.99e-05   0.0001377    2.49e-05  OAI22_X1
mult_222/U294                  3.246e-05   6.279e-05   0.0001376   4.232e-05  OAI22_X1
mult_222/U362                  3.766e-05   5.229e-05   0.0001375   4.755e-05  XOR2_X1
mult_211/U293                  6.411e-05   5.252e-05   0.0001373   2.065e-05  OAI22_X1
mult_222/U401                  3.785e-05   5.064e-05   0.0001371   4.863e-05  XOR2_X1
mult_222/U325                  6.412e-05   5.204e-05   0.0001368   2.066e-05  OAI22_X1
mult_222/U298                   6.41e-05   5.178e-05   0.0001365   2.065e-05  OAI22_X1
mult_222/U403                  3.968e-05   5.051e-05   0.0001363   4.615e-05  XOR2_X1
mult_211/U286                  3.644e-05   5.674e-05   0.0001363   4.315e-05  OAI22_X1
mult_211/U385                   3.97e-05   5.022e-05   0.0001361   4.615e-05  XOR2_X1
mult_211/U335                  3.887e-05   4.975e-05    0.000136   4.735e-05  XOR2_X1
mult_222/U358                  3.791e-05   4.931e-05   0.0001358   4.863e-05  XOR2_X1
mult_222/U354                  3.888e-05   4.958e-05   0.0001358   4.735e-05  XOR2_X1
mult_211/U363                  6.507e-05   4.571e-05   0.0001358     2.5e-05  OAI22_X1
mult_211/U407                  3.972e-05   4.977e-05   0.0001356   4.615e-05  XOR2_X1
mult_211/U358                  3.889e-05   4.927e-05   0.0001355   4.735e-05  XOR2_X1
mult_222/U334                  3.873e-05   4.917e-05   0.0001352   4.735e-05  XOR2_X1
mult_222/U356                  3.873e-05   4.897e-05   0.0001351   4.735e-05  XOR2_X1
mult_211/U364                  3.974e-05   4.916e-05   0.0001351   4.615e-05  XOR2_X1
mult_211/U382                  3.795e-05    4.84e-05    0.000135   4.863e-05  XOR2_X1
mult_211/U341                  3.975e-05    4.89e-05   0.0001348   4.615e-05  XOR2_X1
mult_211/U362                  3.796e-05   4.812e-05   0.0001347   4.863e-05  XOR2_X1
mult_222/U336                  3.796e-05   4.809e-05   0.0001347   4.863e-05  XOR2_X1
mult_222/U338                  3.976e-05   4.859e-05   0.0001345   4.615e-05  XOR2_X1
mult_226/U395                  3.385e-05    5.31e-05   0.0001343   4.737e-05  XOR2_X1
mult_222/U360                  3.977e-05   4.836e-05   0.0001343   4.615e-05  XOR2_X1
mult_222/U399                  3.877e-05   4.812e-05   0.0001342   4.735e-05  XOR2_X1
mult_222/U397                  3.895e-05   4.793e-05   0.0001342   4.735e-05  XOR2_X1
mult_211/U409                  3.779e-05   4.885e-05   0.0001342   4.755e-05  XOR2_X1
mult_211/U343                   3.78e-05   4.864e-05    0.000134   4.755e-05  XOR2_X1
mult_211/U401                  3.895e-05   4.766e-05    0.000134   4.735e-05  XOR2_X1
mult_211/U360                  3.879e-05   4.774e-05   0.0001339   4.735e-05  XOR2_X1
mult_211/U383                  3.881e-05    4.72e-05   0.0001334   4.735e-05  XOR2_X1
mult_222/U340                  3.785e-05   4.784e-05   0.0001332   4.755e-05  XOR2_X1
mult_211/U337                  3.883e-05   4.671e-05   0.0001329   4.735e-05  XOR2_X1
mult_211/U405                  3.804e-05   4.618e-05   0.0001328   4.863e-05  XOR2_X1
mult_226/U363                   5.36e-05   5.359e-05   0.0001327   2.553e-05  OAI22_X1
mult_211/U387                  3.786e-05   4.727e-05   0.0001327   4.755e-05  XOR2_X1
mult_211/U339                  3.805e-05     4.6e-05   0.0001327   4.863e-05  XOR2_X1
mult_222/U296                  5.582e-05   3.778e-05   0.0001327   3.908e-05  MUX2_X1
mult_211/U303                  6.405e-05    4.79e-05   0.0001326   2.065e-05  OAI22_X1
mult_222/U393                  8.291e-05   2.484e-05   0.0001326   2.482e-05  XOR2_X1
mult_222/U332                  3.903e-05   4.608e-05   0.0001325   4.735e-05  XOR2_X1
mult_222/U405                  3.786e-05   4.692e-05   0.0001323   4.755e-05  XOR2_X1
mult_211/U331                  8.316e-05   2.423e-05   0.0001322   2.482e-05  XOR2_X1
mult_211/U366                  3.789e-05    4.66e-05    0.000132   4.755e-05  XOR2_X1
mult_222/U274                  5.432e-05   5.583e-05   0.0001318   2.164e-05  OAI22_X1
mult_222/U328                  8.286e-05   2.358e-05   0.0001313   2.482e-05  XOR2_X1
mult_226/U354                  3.366e-05   5.007e-05   0.0001311   4.737e-05  XOR2_X1
mult_222/U350                  8.285e-05   2.337e-05    0.000131   2.482e-05  XOR2_X1
mult_222/U287                  5.405e-05   5.153e-05    0.000131   2.544e-05  OAI22_X1
mult_211/U361                  3.838e-05   5.023e-05   0.0001305   4.187e-05  OAI22_X1
mult_226/U399                  3.404e-05   4.899e-05   0.0001304   4.737e-05  XOR2_X1
mult_211/U386                  3.922e-05   4.912e-05   0.0001302   4.187e-05  OAI22_X1
mult_222/U352                  3.449e-05   4.833e-05   0.0001302   4.735e-05  XOR2_X1
mult_222/U330                  3.449e-05   4.829e-05   0.0001301   4.735e-05  XOR2_X1
mult_211/U376                  8.309e-05   2.209e-05     0.00013   2.482e-05  XOR2_X1
mult_226/U332                  3.367e-05   4.892e-05     0.00013   4.737e-05  XOR2_X1
mult_226/U334                  3.405e-05   4.849e-05   0.0001299   4.737e-05  XOR2_X1
mult_211/U273                  6.511e-05   3.981e-05   0.0001298    2.49e-05  OAI22_X1
mult_211/U354                  8.308e-05   2.188e-05   0.0001298   2.482e-05  XOR2_X1
mult_211/U397                  8.307e-05   2.173e-05   0.0001296   2.482e-05  XOR2_X1
mult_226/U352                  3.394e-05   4.817e-05   0.0001295   4.737e-05  XOR2_X1
mult_226/U350                  8.275e-05   2.182e-05   0.0001294   2.482e-05  XOR2_X1
mult_222/U275                  3.161e-05   5.526e-05   0.0001294    4.25e-05  OAI22_X1
mult_226/U356                  3.406e-05    4.79e-05   0.0001293   4.737e-05  XOR2_X1
mult_226/U308                  2.077e-05   6.604e-05   0.0001293   4.253e-05  AOI22_X1
mult_226/U397                  3.368e-05   4.825e-05   0.0001293   4.737e-05  XOR2_X1
mult_226/U328                  8.274e-05   2.154e-05   0.0001291   2.482e-05  XOR2_X1
mult_222/U395                  3.452e-05    4.72e-05   0.0001291   4.735e-05  XOR2_X1
mult_226/U393                  8.274e-05   2.144e-05    0.000129   2.482e-05  XOR2_X1
mult_226/U330                  3.395e-05   4.747e-05   0.0001288   4.737e-05  XOR2_X1
mult_226/U296                  5.408e-05   3.525e-05   0.0001284   3.909e-05  MUX2_X1
mult_211/U282                  6.401e-05   4.348e-05   0.0001282   2.066e-05  OAI22_X1
mult_222/U377                  2.307e-05   2.939e-05   0.0001278   7.532e-05  OAI222_X1
mult_226/U377                  5.356e-05   4.843e-05   0.0001275   2.551e-05  OAI22_X1
add_230_U1_9                   4.679e-05   3.317e-06   0.0001274   7.734e-05  FA_X1
mult_222/U373                  5.406e-05   4.783e-05   0.0001273   2.543e-05  OAI22_X1
mult_226/U382                  2.281e-05    2.76e-05   0.0001258   7.536e-05  OAI222_X1
mult_226/U292                   3.13e-05   5.186e-05   0.0001256   4.246e-05  OAI22_X1
mult_226/U286                  3.448e-05   7.688e-05   0.0001254   1.403e-05  INV_X1
add_216/U1                     5.759e-05   4.255e-05   0.0001251   2.495e-05  AND2_X1
mult_226/U304                  3.715e-05    4.67e-05    0.000125   4.113e-05  OAI22_X1
mult_211/U257                  3.364e-05   7.459e-05   0.0001226   1.435e-05  INV_X1
mult_226/U387                  6.289e-05   3.281e-05   0.0001206   2.491e-05  XOR2_X1
mult_226/U324                  6.288e-05   3.236e-05   0.0001202   2.491e-05  XOR2_X1
mult_226/U306                  6.251e-05   3.243e-05   0.0001197   2.477e-05  XOR2_X1
mult_211/U283                  3.379e-05   3.836e-05    0.000119    4.69e-05  XOR2_X1
mult_222/U292                  3.128e-05   4.284e-05   0.0001183   4.419e-05  OAI22_X1
mult_226/U268                  3.145e-05   4.475e-05   0.0001181   4.194e-05  OAI22_X1
mult_211/U22                   3.239e-05   2.189e-05   0.0001179   6.365e-05  FA_X1
mult_226/U262                  3.669e-05   6.422e-05   0.0001168   1.585e-05  NAND2_X1
U55                            4.988e-05   4.072e-05   0.0001163   2.566e-05  AND2_X1
mult_222/U285                  3.176e-05   4.271e-05   0.0001151   4.066e-05  OAI22_X1
mult_222/U303                  3.135e-05   4.217e-05   0.0001148   4.127e-05  OAI22_X1
mult_222/U273                  3.134e-05   4.086e-05   0.0001147    4.25e-05  OAI22_X1
mult_226/U290                   3.13e-05   4.029e-05   0.0001141   4.246e-05  OAI22_X1
mult_226/U380                  2.746e-05   4.263e-05   0.0001126   4.248e-05  OAI22_X1
mult_226/U411                   4.91e-05   4.235e-05   0.0001122    2.07e-05  OAI21_X1
mult_222/U408                  4.908e-05   4.234e-05   0.0001121   2.063e-05  OAI21_X1
mult_222/U375                  2.751e-05   4.024e-05   0.0001103   4.251e-05  OAI22_X1
mult_226/U309                  4.399e-05   4.075e-05   0.0001078   2.305e-05  OAI22_X1
mult_226/U339                  4.365e-05   3.635e-05   0.0001062   2.619e-05  OAI22_X1
mult_222/U411                   5.63e-05   2.325e-05   0.0001058   2.626e-05  OR3_X1
mult_226/U408                  3.712e-05   4.962e-05   0.0001051   1.833e-05  NOR2_X1
mult_226/U276                   3.56e-05   4.136e-05   0.0001044   2.743e-05  OAI22_X1
mult_222/U404                  3.765e-05   4.832e-05   0.0001043   1.834e-05  NOR2_X1
mult_226/U366                  2.293e-05    3.28e-05   0.0001035   4.781e-05  XOR2_X1
mult_226/U273                  3.283e-05   5.246e-05   0.0001035    1.82e-05  NOR2_X1
mult_222/U372                  3.196e-05   2.297e-05   0.0001025   4.754e-05  XOR2_X1
mult_226/U372                   3.18e-05   2.312e-05   0.0001024   4.752e-05  XOR2_X1
mult_226/U351                  4.381e-05   3.475e-05   0.0001016   2.306e-05  OAI22_X1
mult_226/U413                  5.509e-05   1.985e-05   0.0001012   2.622e-05  OR3_X1
mult_211/U268                  2.602e-05    6.09e-05   0.0001011   1.419e-05  INV_X1
mult_226/U386                  2.627e-05   5.972e-05   0.0001003   1.436e-05  INV_X1
mult_222/U269                  2.695e-05   5.851e-05   9.981e-05   1.435e-05  INV_X1
mult_222/U297                  3.272e-05   4.837e-05   9.928e-05    1.82e-05  NOR2_X1
mult_211/U357                   2.62e-05   5.799e-05   9.854e-05   1.435e-05  INV_X1
mult_222/U279                  8.548e-07   3.032e-06   9.842e-05   9.453e-05  XNOR2_X2
mult_226/U279                  8.542e-07   3.031e-06   9.842e-05   9.453e-05  XNOR2_X2
mult_226/U267                  3.291e-05   4.664e-05   9.775e-05    1.82e-05  NOR2_X1
mult_222/U382                   2.63e-05   5.662e-05   9.728e-05   1.436e-05  INV_X1
mult_211/U278                  3.335e-05   4.552e-05   9.707e-05    1.82e-05  NOR2_X1
mult_222/U268                  2.563e-05   5.782e-05   9.705e-05    1.36e-05  INV_X1
mult_222/U272                  3.275e-05     4.6e-05   9.695e-05    1.82e-05  NOR2_X1
mult_211/U269                  2.598e-05   5.628e-05   9.661e-05   1.435e-05  INV_X1
mult_222/U284                  3.276e-05   4.508e-05   9.604e-05    1.82e-05  NOR2_X1
mult_226/U253                  2.556e-05   5.747e-05   9.522e-05   1.219e-05  INV_X1
mult_211/U271                  3.339e-05   4.332e-05    9.49e-05    1.82e-05  NOR2_X1
mult_226/U289                  3.296e-05   4.285e-05   9.402e-05    1.82e-05  NOR2_X1
mult_226/U371                  2.327e-05   3.058e-05   9.193e-05   3.807e-05  XNOR2_X1
mult_211/U256                  2.344e-05   5.406e-05   8.968e-05   1.218e-05  INV_X1
mult_211/U421                  3.536e-05   1.811e-05   8.923e-05   3.575e-05  XNOR2_X1
mult_222/U263                  2.581e-05   4.757e-05   8.878e-05    1.54e-05  NAND2_X1
mult_222/U253                  2.289e-05   5.071e-05   8.578e-05   1.218e-05  INV_X1
mult_211/U299                  3.763e-05   1.491e-05   8.572e-05   3.318e-05  NAND3_X1
mult_226/U263                  3.593e-05   3.506e-05   8.558e-05   1.458e-05  INV_X1
mult_211/U265                  2.235e-05   4.202e-05   8.374e-05   1.937e-05  NAND2_X1
mult_222/U323                  1.166e-05   3.022e-05   8.323e-05   4.135e-05  AOI22_X1
mult_226/U370                  3.077e-05   1.841e-05   8.296e-05   3.377e-05  XNOR2_X1
mult_226/U278                  6.401e-07    3.41e-06   8.267e-05   7.862e-05  XNOR2_X2
mult_226/U277                  6.404e-07   3.397e-06   8.266e-05   7.862e-05  XNOR2_X2
mult_222/U278                  6.402e-07   3.396e-06   8.266e-05   7.862e-05  XNOR2_X2
mult_222/U277                  6.403e-07   3.367e-06   8.263e-05   7.862e-05  XNOR2_X2
mult_211/U281                  6.403e-07   3.305e-06   8.257e-05   7.862e-05  XNOR2_X2
mult_211/U280                  6.403e-07   3.301e-06   8.256e-05   7.862e-05  XNOR2_X2
mult_211/U370                  1.399e-05    1.93e-05   8.042e-05   4.713e-05  XOR2_X1
mult_222/U387                  3.546e-05   1.861e-05   7.921e-05   2.514e-05  XOR2_X1
mult_211/U413                  1.404e-05     1.8e-05   7.918e-05   4.713e-05  XOR2_X1
mult_222/U366                  1.405e-05   1.791e-05   7.908e-05   4.713e-05  XOR2_X1
mult_211/U391                  1.407e-05   1.748e-05   7.867e-05   4.713e-05  XOR2_X1
mult_222/U324                  3.544e-05    1.79e-05   7.847e-05   2.514e-05  XOR2_X1
mult_222/U306                  3.492e-05   1.815e-05   7.807e-05     2.5e-05  XOR2_X1
mult_211/U306                  3.492e-05   1.795e-05   7.787e-05     2.5e-05  XOR2_X1
mult_226/U266                  2.217e-05   1.889e-05   7.701e-05   3.596e-05  XNOR2_X1
mult_226/U369                  1.129e-05   1.646e-05   7.561e-05   4.786e-05  XOR2_X1
mult_222/U308                  2.494e-05   3.602e-05   7.488e-05   1.392e-05  INV_X1
mult_226/U349                  2.208e-05   2.653e-05   7.487e-05   2.625e-05  OAI22_X1
mult_226/U319                  2.194e-05   2.794e-05   7.286e-05   2.298e-05  OAI22_X1
mult_211/U304                  1.429e-05   1.628e-05   7.266e-05   4.209e-05  OAI22_X1
mult_226/U390                  3.131e-05   1.591e-05   7.212e-05    2.49e-05  XOR2_X1
mult_226/U347                  3.082e-05   1.641e-05   7.198e-05   2.476e-05  XOR2_X1
mult_211/U308                  2.484e-05   2.343e-05   7.143e-05   2.316e-05  AOI22_X1
mult_222/U421                  1.423e-05   1.917e-05   7.127e-05   3.787e-05  XNOR2_X1
mult_222/U331                  2.439e-05    2.13e-05   7.098e-05   2.528e-05  OAI22_X1
mult_211/U320                  2.439e-05   2.073e-05    7.04e-05   2.528e-05  OAI22_X1
mult_211/U285                  3.468e-05   1.454e-05   7.001e-05   2.078e-05  NAND2_X1
mult_222/U351                  2.445e-05   2.151e-05   6.982e-05   2.386e-05  OAI22_X1
mult_211/U330                  2.437e-05   1.989e-05   6.954e-05   2.528e-05  OAI22_X1
mult_222/U363                  2.415e-05   2.008e-05   6.952e-05   2.529e-05  OAI22_X1
mult_222/U299                  2.018e-05    2.31e-05    6.82e-05   2.493e-05  OAI22_X1
mult_226/U307                   2.57e-05   2.863e-05   6.819e-05   1.386e-05  INV_X1
mult_226/U283                  1.161e-05   7.712e-06   6.718e-05   4.786e-05  XOR2_X1
mult_222/U264                  2.534e-05   2.624e-05    6.71e-05   1.552e-05  INV_X1
mult_211/U309                  2.528e-05   2.761e-05   6.681e-05   1.392e-05  INV_X1
mult_211/U394                   6.64e-06   1.235e-05   6.647e-05   4.748e-05  XOR2_X1
mult_226/U357                  1.021e-05   1.418e-05   6.638e-05   4.199e-05  OAI22_X1
mult_226/U311                  1.591e-05   3.494e-05    6.49e-05   1.404e-05  INV_X1
mult_222/U289                  3.137e-05   1.475e-05   6.373e-05   1.762e-05  NAND2_X1
mult_226/U368                   3.13e-05   1.453e-05   6.337e-05   1.754e-05  NAND2_X1
mult_211/U373                   6.77e-06   9.056e-06   6.331e-05   4.748e-05  XOR2_X1
mult_222/U369                  6.795e-06   8.445e-06   6.272e-05   4.748e-05  XOR2_X1
mult_226/FE_RC_9_0             1.806e-05   2.204e-05   6.267e-05   2.258e-05  OAI21_X1
mult_211/U425                  1.751e-05   9.303e-06   6.161e-05   3.479e-05  XNOR2_X1
mult_211/U266                  2.503e-05   2.331e-05   6.148e-05   1.314e-05  INV_X1
mult_222/U420                  1.749e-05   8.664e-06   6.095e-05   3.479e-05  XNOR2_X1
mult_226/U365                  2.157e-05   2.488e-05   6.082e-05   1.438e-05  INV_X1
mult_222/U288                  2.153e-05    2.43e-05   6.023e-05    1.44e-05  INV_X1
mult_226/U284                  1.797e-05   1.425e-05   5.972e-05    2.75e-05  OAI22_X1
mult_226/FE_RC_10_0            1.621e-05   1.035e-05   5.967e-05    3.31e-05  AOI21_X1
mult_222/U283                  6.997e-06   4.911e-06   5.939e-05   4.748e-05  XOR2_X1
mult_226/FE_RC_8_0             1.654e-05   8.381e-06   5.768e-05   3.275e-05  AOI21_X1
mult_226/FE_RC_11_0            1.657e-05   8.209e-06   5.764e-05   3.286e-05  AOI21_X1
mult_222/U265                  1.173e-05    8.57e-06    5.67e-05    3.64e-05  XNOR2_X1
mult_222/U266                  5.674e-06   6.888e-06   5.556e-05     4.3e-05  OAI22_X1
mult_211/U374                  1.564e-05   9.308e-06   5.494e-05   2.999e-05  XNOR2_X1
mult_211/U347                   6.15e-06   4.646e-06   5.316e-05   4.237e-05  OAI22_X1
mult_226/U418                  4.385e-07   2.985e-07    5.24e-05   5.166e-05  XOR2_X1
mult_222/U418                  4.375e-07   2.627e-07   5.236e-05   5.166e-05  XOR2_X1
mult_211/U325                  1.196e-05   1.564e-05   5.216e-05   2.457e-05  OAI22_X1
mult_222/U361                  1.254e-05   1.457e-05   5.171e-05    2.46e-05  OAI22_X1
mult_222/U390                  1.756e-05   8.739e-06   5.133e-05   2.502e-05  XOR2_X1
mult_211/U340                  1.195e-05   1.473e-05   5.125e-05   2.457e-05  OAI22_X1
mult_222/U341                  1.195e-05   1.452e-05   5.104e-05   2.457e-05  OAI22_X1
mult_211/U351                    1.7e-05   9.054e-06   5.093e-05   2.488e-05  XOR2_X1
mult_211/U315                  1.225e-05   1.462e-05   5.069e-05   2.381e-05  AOI22_X1
mult_222/U347                  1.699e-05   8.741e-06   5.061e-05   2.488e-05  XOR2_X1
mult_211/U310                  1.698e-05   8.575e-06   5.044e-05   2.488e-05  XOR2_X1
mult_211/U326                          0           0   4.883e-05   4.883e-05  OAI22_X1
mult_226/U416                          0           0   4.818e-05   4.818e-05  OAI21_X1
mult_211/U416                          0           0   4.818e-05   4.818e-05  OAI21_X1
mult_222/U413                          0           0   4.818e-05   4.818e-05  OAI21_X1
mult_211/U406                          0           0   4.812e-05   4.812e-05  OAI21_X1
mult_222/U386                          0           0   4.812e-05   4.812e-05  OAI21_X1
mult_211/U367                          0           0   4.812e-05   4.812e-05  OAI21_X1
mult_226/U391                          0           0   4.812e-05   4.812e-05  OAI21_X1
mult_211/U250                  4.742e-07   1.268e-07   4.772e-05   4.712e-05  XNOR2_X1
mult_211/U417                          0           0   4.756e-05   4.756e-05  OAI22_X1
mult_211/U313                          0           0    4.73e-05    4.73e-05  OAI22_X1
mult_211/U302                          0           0    4.73e-05    4.73e-05  OAI22_X1
mult_222/FE_RC_4_0             9.295e-06   4.717e-06   4.703e-05   3.301e-05  AOI21_X1
mult_211/U322                          0           0   4.687e-05   4.687e-05  OAI22_X1
mult_222/FE_RC_2_0             9.224e-06   4.716e-06   4.684e-05    3.29e-05  AOI21_X1
mult_211/U342                          0           0   4.678e-05   4.678e-05  OAI22_X1
mult_211/U49                           0           0   4.672e-05   4.672e-05  HA_X1
mult_222/FE_RC_3_0             8.858e-06   4.463e-06   4.627e-05   3.295e-05  AOI21_X1
mult_211/FE_RC_1_0             8.879e-06   4.407e-06   4.624e-05   3.295e-05  AOI21_X1
mult_211/U329                          0           0   4.598e-05   4.598e-05  OAI22_X1
mult_211/U317                          0           0   4.574e-05   4.574e-05  OAI22_X1
mult_211/U336                          0           0   4.541e-05   4.541e-05  OAI22_X1
mult_222/U309                  1.039e-05   8.202e-06   4.435e-05   2.576e-05  OAI22_X1
mult_226/U346                  8.746e-07   2.695e-07     4.4e-05   4.286e-05  XOR2_X1
mult_222/U346                  8.738e-07   2.433e-07   4.398e-05   4.286e-05  XOR2_X1
mult_211/U418                  8.729e-07     2.4e-07   4.397e-05   4.286e-05  XOR2_X1
mult_226/U414                  8.723e-07   2.263e-07   4.396e-05   4.286e-05  XOR2_X1
mult_211/U422                  8.721e-07   2.213e-07   4.395e-05   4.286e-05  XOR2_X1
mult_222/U414                  8.716e-07   2.084e-07   4.394e-05   4.286e-05  XOR2_X1
mult_222/U333                  8.282e-06   2.024e-05    4.32e-05   1.468e-05  INV_X1
mult_222/FE_RC_7_0             1.004e-05   1.041e-05   4.187e-05   2.142e-05  OAI21_X1
mult_222/U370                  4.537e-07   3.173e-06   4.048e-05   3.685e-05  NAND2_X1
mult_226/U373                   4.55e-07   3.157e-06   4.046e-05   3.685e-05  NAND2_X1
mult_226/U348                  8.192e-06   1.762e-05   3.973e-05   1.393e-05  INV_X1
mult_211/U377                  2.762e-07   2.252e-06   3.966e-05   3.713e-05  NAND2_X1
mult_211/FE_RC_5_0             7.743e-06   9.277e-06   3.957e-05   2.255e-05  OAI21_X1
mult_211/FE_RC_0_0             1.096e-05    4.65e-06   3.846e-05   2.285e-05  AOI21_X1
mult_226/U398                          0           0   3.635e-05   3.635e-05  NOR3_X1
mult_226/U325                  8.465e-06   1.312e-05   3.633e-05   1.475e-05  INV_X1
mult_222/U396                          0           0   3.631e-05   3.631e-05  NOR3_X1
mult_226/U341                  7.187e-06   1.311e-05   3.503e-05   1.473e-05  INV_X1
mult_226/U300                  7.113e-06   1.397e-05     3.5e-05   1.393e-05  INV_X1
mult_222/U380                          0           0   3.451e-05   3.451e-05  AOI21_X1
mult_226/U384                          0           0   3.451e-05   3.451e-05  AOI21_X1
mult_226/U353                  7.299e-06   1.307e-05   3.429e-05   1.393e-05  INV_X1
mult_211/U350                  8.316e-06   9.033e-06   3.198e-05   1.464e-05  INV_X1
mult_222/U359                  4.568e-06   1.027e-05   2.911e-05   1.427e-05  INV_X1
mult_211/U338                  4.449e-06   1.022e-05   2.906e-05   1.439e-05  INV_X1
mult_211/U321                  4.067e-06   9.969e-06   2.836e-05   1.433e-05  INV_X1
mult_222/U384                  2.656e-07   2.941e-06   2.795e-05   2.474e-05  NAND2_X1
mult_226/U389                  2.662e-07    2.89e-06    2.79e-05   2.474e-05  NAND2_X1
mult_211/U404                  2.649e-07   2.779e-06   2.779e-05   2.474e-05  NAND2_X1
mult_211/U365                   2.67e-07   2.764e-06   2.778e-05   2.474e-05  NAND2_X1
mult_211/U328                  4.624e-06   8.048e-06   2.706e-05   1.439e-05  INV_X1
mult_222/U317                  3.991e-06   8.547e-06   2.681e-05   1.428e-05  INV_X1
mult_211/U332                  3.866e-06   8.191e-06   2.644e-05   1.438e-05  INV_X1
mult_222/U422                          0           0   2.639e-05   2.639e-05  XOR2_X1
mult_226/U422                          0           0   2.639e-05   2.639e-05  XOR2_X1
mult_211/U426                          0           0   2.639e-05   2.639e-05  XOR2_X1
mult_211/U427                          0           0   2.639e-05   2.639e-05  XOR2_X1
mult_211/U349                          0           0   2.639e-05   2.639e-05  XOR2_X1
mult_222/U348                  4.595e-06   7.293e-06   2.628e-05   1.439e-05  INV_X1
mult_211/U312                  4.011e-06    7.79e-06   2.608e-05   1.427e-05  INV_X1
mult_222/U353                  3.893e-06   7.544e-06   2.582e-05   1.438e-05  INV_X1
mult_211/U344                  4.046e-06   7.319e-06   2.576e-05   1.439e-05  INV_X1
mult_222/U365                  4.105e-06   7.342e-06   2.572e-05   1.427e-05  INV_X1
mult_222/U247                  8.021e-07   1.531e-07   2.456e-05    2.36e-05  XOR2_X1
mult_226/U247                  8.016e-07   1.303e-07   2.453e-05    2.36e-05  XOR2_X1
mult_211/U291                          0           0   2.444e-05   2.444e-05  NOR2_X1
mult_211/U384                          0           0   2.257e-05   2.257e-05  NOR3_X1
mult_222/U417                  1.944e-07   3.737e-06   2.248e-05   1.855e-05  INV_X1
mult_226/U420                  1.943e-07   3.628e-06   2.237e-05   1.855e-05  INV_X1
mult_226/U375                   1.95e-07   3.165e-06   2.191e-05   1.855e-05  INV_X1
mult_222/U371                  1.949e-07   3.157e-06    2.19e-05   1.855e-05  INV_X1
mult_222/U398                  1.936e-07   2.578e-06   2.132e-05   1.855e-05  INV_X1
mult_226/U400                  1.935e-07   2.539e-06   2.128e-05   1.855e-05  INV_X1
mult_226/U394                          0           0   2.127e-05   2.127e-05  OR3_X1
mult_226/U419                          0           0   2.127e-05   2.127e-05  OR3_X1
mult_222/U416                          0           0   2.125e-05   2.125e-05  OR3_X1
mult_211/U372                          0           0   2.125e-05   2.125e-05  OR3_X1
mult_222/U391                          0           0   2.125e-05   2.125e-05  OR3_X1
mult_211/U410                          0           0   2.125e-05   2.125e-05  OR3_X1
mult_211/FE_RC_6_0                     0           0   2.083e-05   2.083e-05  OAI21_X1
mult_222/U286                  2.909e-07   1.197e-06   1.999e-05    1.85e-05  INV_X1
mult_226/U361                  2.965e-07   1.122e-06   1.992e-05    1.85e-05  INV_X1
mult_211/U274                          0           0    1.86e-05    1.86e-05  INV_X1
mult_211/U352                          0           0    1.86e-05    1.86e-05  INV_X1
mult_211/U348                          0           0   1.804e-05   1.804e-05  AOI22_X1
mult_211/FE_OFC2_n374          4.187e-07    2.58e-06   1.574e-05   1.274e-05  CLKBUF_X1
mult_222/U262                  5.921e-07   2.881e-07   1.525e-05   1.437e-05  NAND2_X1
mult_226/U264                  5.922e-07   2.705e-07   1.518e-05   1.432e-05  NAND2_X1
mult_211/U355                          0           0   1.358e-05   1.358e-05  AOI21_X1
mult_226/FE_OFC1_n371          5.229e-07   3.271e-06    1.35e-05   9.703e-06  CLKBUF_X1
mult_222/FE_OFC0_n371          5.231e-07   3.204e-06   1.343e-05   9.703e-06  CLKBUF_X1
mult_222/U276                  3.345e-07   1.561e-06   1.215e-05   1.026e-05  INV_X1
mult_226/U359                  3.365e-07   1.427e-06   1.202e-05   1.026e-05  INV_X1
mult_211/U284                  2.359e-07   8.832e-07   1.127e-05   1.015e-05  INV_X1
mult_222/U392                          0           0    1.01e-05    1.01e-05  INV_X1
mult_222/U419                          0           0    1.01e-05    1.01e-05  INV_X1
mult_211/U390                          0           0    1.01e-05    1.01e-05  INV_X1
mult_211/U396                          0           0    1.01e-05    1.01e-05  INV_X1
mult_211/U402                          0           0    1.01e-05    1.01e-05  INV_X1
mult_222/U402                          0           0    1.01e-05    1.01e-05  INV_X1
mult_226/U406                          0           0    1.01e-05    1.01e-05  INV_X1
mult_211/U420                          0           0    1.01e-05    1.01e-05  INV_X1
mult_211/U423                          0           0    1.01e-05    1.01e-05  INV_X1
mult_226/U421                          0           0    1.01e-05    1.01e-05  INV_X1
mult_226/U396                          0           0    1.01e-05    1.01e-05  INV_X1
mult_211/U295                          0           0    1.01e-05    1.01e-05  INV_X1
mult_222/U400                  3.223e-07   2.299e-06   6.908e-06   4.286e-06  NAND2_X1
mult_226/U402                  3.223e-07   2.277e-06   6.886e-06   4.286e-06  NAND2_X1
mult_211/U415                          0           0   4.085e-06   4.085e-06  NAND2_X1
mult_222/U406                  5.735e-09   5.744e-08   3.813e-06   3.749e-06  NAND2_X1
mult_226/U409                  5.742e-09   5.654e-08   3.812e-06   3.749e-06  NAND2_X1
mult_211/U424                          0           0   3.789e-06   3.789e-06  NAND3_X1
mult_222/U412                          0           0   3.486e-06   3.486e-06  NAND2_X1
mult_226/U415                          0           0   3.486e-06   3.486e-06  NAND2_X1
mult_211/U359                          0           0   3.486e-06   3.486e-06  NAND2_X1

---------------------------------------------------------------------------------------

Total (    730 of    730  )      0.09665     0.05971     0.1879     0.03154
Total Capacitance                4.669e-12 F
Power Density                   *** No Die Area ***
