*----------------------------------------------------------------------------------------
*	Innovus 20.11-s130_1 (64bit) 08/05/2020 15:53 (Linux 2.6.32-431.11.2.el6.x86_64)
*	
*
* 	Date & Time:	2023-Nov-20 16:13:04 (2023-Nov-20 15:13:04 GMT)
*
*----------------------------------------------------------------------------------------
*
*	Design: iir
*
*	Liberty Libraries used: 
*	        MyAnView: /home/isa01_2023_2024/renato/ISA_labs/LAB1/adv/innovus/IIR.dat/libs/mmmc/NangateOpenCellLibrary_typical_ecsm_nowlm.lib
*
*	Power Domain used: 
*              Rail:        VDD      Voltage:        1.1 
*
*       Power View : MyAnView
*
*       User-Defined Activity : N.A.
*
*       Activity File: N.A.
*
*       Hierarchical Global Activity: N.A.
*
*       Global Activity: N.A.
*
*       Sequential Element Activity: N.A.
*
*       Primary Input Activity: 0.200000
*
*       Default icg ratio: N.A.
*
*       Global Comb ClockGate Ratio: N.A.
*
*	Power Units = 1mW
*
*	Time Units = 1e-09 secs 
*
*       Temperature = 25 
*
*       report_power -outfile .//iir.rpt -rail_analysis_format VS
*
-----------------------------------------------------------------------------------------
Cell                            Internal   Switching       Total     Leakage   Cell
                                   Power       Power       Power       Power   Name
--------------------------------------------------------------------------------------
CTS_ccl_a_buf_00003             0.001322     0.01275     0.01411   3.056e-05  CLKBUF_X3
clk_gate_SW6_REG_data_out_reg/latch   0.002406    0.006868    0.009398   0.0001234  CLKGATETST_X4
mult_279/U9                     0.001782   0.0007592    0.002613   7.183e-05  FA_X1
mult_278/U6                     0.001768   0.0007689    0.002609   7.183e-05  FA_X1
mult_277/U7                     0.001774   0.0007232    0.002573   7.554e-05  FA_X1
mult_277/U6                     0.001766   0.0007293    0.002567   7.183e-05  FA_X1
mult_277/U9                     0.001778   0.0007128    0.002562   7.183e-05  FA_X1
mult_277/U5                     0.001754   0.0007281    0.002555   7.245e-05  FA_X1
mult_277/U8                     0.001769   0.0006995     0.00254    7.13e-05  FA_X1
mult_278/U8                     0.001768   0.0006839    0.002523    7.13e-05  FA_X1
mult_278/U7                     0.001772   0.0006752    0.002523   7.554e-05  FA_X1
mult_278/U9                      0.00178   0.0006695    0.002521   7.183e-05  FA_X1
mult_278/U4                     0.001715    0.000729    0.002518   7.433e-05  FA_X1
mult_279/U8                     0.001767   0.0006763    0.002515    7.13e-05  FA_X1
mult_279/U6                     0.001765   0.0006645    0.002502   7.183e-05  FA_X1
mult_278/U5                     0.001753   0.0006697    0.002495   7.245e-05  FA_X1
mult_279/U7                     0.001771   0.0006376    0.002484   7.554e-05  FA_X1
mult_279/U5                     0.001752    0.000641    0.002466   7.245e-05  FA_X1
SW2_REG_data_out_reg_9_         0.001056    0.001314    0.002456   8.605e-05  DFFR_X1
SW2_REG_data_out_reg_7_         0.001041    0.001319    0.002446   8.605e-05  DFFR_X1
SW2_REG_data_out_reg_8_         0.001051    0.001307    0.002444   8.605e-05  DFFR_X1
SW2_REG_data_out_reg_10_        0.001058    0.001293    0.002437   8.605e-05  DFFR_X1
SW2_REG_data_out_reg_3_        0.0009696    0.001368    0.002424   8.605e-05  DFFR_X1
SW2_REG_data_out_reg_6_         0.001021    0.001313     0.00242   8.605e-05  DFFR_X1
SW2_REG_data_out_reg_4_        0.0009698    0.001359    0.002415   8.605e-05  DFFR_X1
mult_279/U4                      0.00171   0.0006149    0.002399   7.433e-05  FA_X1
SW2_REG_data_out_reg_5_        0.0009925    0.001318    0.002397   8.605e-05  DFFR_X1
mult_277/U4                     0.001708   0.0006031    0.002386   7.426e-05  FA_X1
mult_277/U3                      0.00164   0.0005964    0.002313    7.66e-05  FA_X1
FE_OFC2_RST_N                  0.0001323    0.002149    0.002312   3.056e-05  CLKBUF_X3
OUT_REG_data_out_reg_9_         0.001773   0.0003088    0.002168   8.621e-05  DFFR_X1
OUT_REG_data_out_reg_8_          0.00177   0.0003088    0.002165   8.621e-05  DFFR_X1
OUT_REG_data_out_reg_7_         0.001763   0.0003128    0.002162   8.621e-05  DFFR_X1
OUT_REG_data_out_reg_6_         0.001749   0.0003022    0.002138   8.621e-05  DFFR_X1
mult_274/U8                     0.001439   0.0005537    0.002064   7.179e-05  FA_X1
mult_278/U3                     0.001632   0.0003179    0.002026   7.697e-05  FA_X1
mult_277/U33                    0.001105   0.0007753    0.001949   6.841e-05  FA_X1
mult_277/U30                    0.001108   0.0007574    0.001943   7.789e-05  FA_X1
OUT_REG_data_out_reg_5_         0.001566   0.0002867    0.001939   8.621e-05  DFFR_X1
mult_279/U30                    0.001107   0.0007542    0.001939   7.789e-05  FA_X1
mult_279/U33                    0.001104    0.000762    0.001935   6.841e-05  FA_X1
mult_278/U30                    0.001107   0.0007409    0.001926   7.789e-05  FA_X1
mult_278/U33                    0.001104   0.0007381     0.00191   6.841e-05  FA_X1
mult_279/U3                     0.001625   0.0001965    0.001899   7.697e-05  FA_X1
mult_274/U7                     0.001305    0.000475    0.001856   7.579e-05  FA_X1
mult_278/U37                    0.001102   0.0006608     0.00183   6.803e-05  FA_X1
mult_278/U27                     0.00101   0.0007252    0.001808   7.209e-05  FA_X1
mult_279/U37                      0.0011    0.000605    0.001773   6.803e-05  FA_X1
mult_279/U27                    0.001009   0.0006889     0.00177   7.209e-05  FA_X1
mult_277/U27                    0.001009   0.0006761    0.001757   7.209e-05  FA_X1
mult_278/U42                      0.0011    0.000548    0.001717   6.928e-05  FA_X1
mult_274/U6                     0.001199   0.0004408    0.001712   7.198e-05  FA_X1
mult_277/U42                      0.0011   0.0005424    0.001712   6.928e-05  FA_X1
mult_279/U42                      0.0011   0.0005334    0.001702   6.928e-05  FA_X1
mult_277/U37                    0.001098     0.00053    0.001696   6.803e-05  FA_X1
OUT_REG_data_out_reg_3_          0.00135   0.0002301    0.001666   8.621e-05  DFFR_X1
SW4_REG_data_out_reg_3_        0.0009472   0.0006237    0.001657   8.605e-05  DFFR_X1
SW4_REG_data_out_reg_6_        0.0009469   0.0006142    0.001647   8.605e-05  DFFR_X1
OUT_REG_data_out_reg_4_         0.001349   0.0002063    0.001641   8.621e-05  DFFR_X1
SW4_REG_data_out_reg_7_        0.0009469   0.0006054    0.001638   8.605e-05  DFFR_X1
SW4_REG_data_out_reg_10_       0.0009467   0.0005997    0.001633   8.605e-05  DFFR_X1
SW4_REG_data_out_reg_8_        0.0009467   0.0005989    0.001632   8.605e-05  DFFR_X1
SW4_REG_data_out_reg_4_        0.0009467   0.0005842    0.001617   8.605e-05  DFFR_X1
SW4_REG_data_out_reg_9_        0.0009464   0.0005692    0.001602   8.605e-05  DFFR_X1
SW4_REG_data_out_reg_5_        0.0009464   0.0005674      0.0016   8.605e-05  DFFR_X1
mult_277/U23                   0.0008863   0.0006225    0.001584    7.52e-05  FA_X1
mult_278/U23                   0.0008863   0.0006157    0.001577    7.52e-05  FA_X1
mult_279/U23                   0.0008862   0.0006131    0.001574    7.52e-05  FA_X1
mult_278/U25                    0.000882   0.0006119    0.001564   7.049e-05  FA_X1
mult_279/U34                   0.0008876   0.0005915    0.001559   8.045e-05  FA_X1
mult_274/U5                     0.001095   0.0003901    0.001558   7.252e-05  FA_X1
mult_277/U25                   0.0008812   0.0005928    0.001544   7.049e-05  FA_X1
mult_277/U34                   0.0008869   0.0005668    0.001534   8.045e-05  FA_X1
add_280_U1_8                    0.001048   0.0004104    0.001534   7.564e-05  FA_X1
add_276/U1_9                    0.001069   0.0003796    0.001524   7.577e-05  FA_X1
mult_279/U25                   0.0008807     0.00057    0.001521   7.049e-05  FA_X1
add_276/U1_8                    0.001047   0.0003945    0.001517   7.563e-05  FA_X1
mult_278/U34                   0.0008866   0.0005443    0.001511   8.045e-05  FA_X1
add_276/U1_7                    0.001001    0.000404    0.001481    7.55e-05  FA_X1
mult_278/U255                  0.0007278   0.0006894    0.001469   5.156e-05  OAI222_X1
mult_274/U4                     0.001006   0.0003772    0.001457   7.429e-05  FA_X1
add_280_U1_7                    0.001001   0.0003787    0.001455    7.55e-05  FA_X1
SW5_REG_data_out_reg_7_         0.001132    0.000221    0.001439   8.606e-05  DFFR_X1
SW5_REG_data_out_reg_8_         0.001132   0.0002146    0.001432   8.606e-05  DFFR_X1
mult_278/U38                   0.0008188   0.0005435    0.001428   6.551e-05  FA_X1
SW5_REG_data_out_reg_9_         0.001129   0.0002039    0.001419   8.608e-05  DFFR_X1
SW6_REG_data_out_reg_3_         0.001131   0.0001968    0.001414   8.605e-05  DFFR_X1
mult_279/U38                   0.0008182   0.0005208    0.001404   6.551e-05  FA_X1
SW5_REG_data_out_reg_6_         0.001131   0.0001843    0.001401   8.605e-05  DFFR_X1
mult_278/U251                  0.0007162   0.0006387    0.001396   4.125e-05  AOI222_X1
SW5_REG_data_out_reg_5_         0.001131    0.000178    0.001395   8.605e-05  DFFR_X1
SW6_REG_data_out_reg_4_         0.001131   0.0001774    0.001394   8.605e-05  DFFR_X1
mult_279/U252                  0.0007096   0.0006281    0.001391   5.336e-05  OAI222_X1
SW5_REG_data_out_reg_3_         0.001131    0.000174    0.001391   8.605e-05  DFFR_X1
mult_277/U38                   0.0008177   0.0005068     0.00139   6.551e-05  FA_X1
SW3_REG_data_out_reg_4_         0.001136   0.0001674     0.00139   8.605e-05  DFFR_X1
SW5_REG_data_out_reg_4_         0.001131   0.0001707    0.001387   8.605e-05  DFFR_X1
mult_279/U50                   0.0008793   0.0004356    0.001385   6.975e-05  FA_X1
mult_279/U46                   0.0008696   0.0004453    0.001383   6.763e-05  FA_X1
SW3_REG_data_out_reg_7_         0.001136   0.0001585    0.001381   8.606e-05  DFFR_X1
SW3_REG_data_out_reg_10_        0.001136   0.0001563    0.001378   8.605e-05  DFFR_X1
SW3_REG_data_out_reg_5_         0.001136   0.0001558    0.001378   8.605e-05  DFFR_X1
SW6_REG_data_out_reg_8_          0.00113   0.0001604    0.001377   8.606e-05  DFFR_X1
SW3_REG_data_out_reg_8_         0.001136   0.0001535    0.001376   8.605e-05  DFFR_X1
SW3_REG_data_out_reg_6_         0.001136   0.0001531    0.001375   8.605e-05  DFFR_X1
SW6_REG_data_out_reg_5_          0.00113    0.000157    0.001373   8.605e-05  DFFR_X1
SW6_REG_data_out_reg_6_          0.00113   0.0001568    0.001373   8.605e-05  DFFR_X1
SW6_REG_data_out_reg_9_         0.001128   0.0001579    0.001372   8.608e-05  DFFR_X1
mult_278/U50                   0.0008791   0.0004233    0.001372   6.975e-05  FA_X1
SW6_REG_data_out_reg_7_          0.00113   0.0001558    0.001372   8.606e-05  DFFR_X1
SW3_REG_data_out_reg_9_         0.001133    0.000152    0.001372   8.608e-05  DFFR_X1
mult_277/U252                   0.000711   0.0006017    0.001366   5.336e-05  OAI222_X1
mult_278/U31                   0.0008391   0.0004602    0.001366   6.642e-05  FA_X1
SW0_REG_data_out_reg_3_         0.001121   0.0001561    0.001364   8.605e-05  DFFR_X1
SW3_REG_data_out_reg_3_         0.001136   0.0001411    0.001363   8.605e-05  DFFR_X1
mult_279/U255                  0.0007271   0.0005841    0.001363   5.156e-05  OAI222_X1
SW0_REG_data_out_reg_4_         0.001097   0.0001785    0.001361   8.605e-05  DFFR_X1
mult_279/U31                   0.0008384   0.0004488    0.001354   6.642e-05  FA_X1
mult_277/U31                   0.0008383   0.0004456     0.00135   6.642e-05  FA_X1
mult_279/U251                  0.0007167   0.0005922     0.00135   4.125e-05  AOI222_X1
mult_277/U50                   0.0008787   0.0004003    0.001349   6.975e-05  FA_X1
mult_277/U251                  0.0007164   0.0005899    0.001347   4.125e-05  AOI222_X1
mult_278/U252                  0.0007116   0.0005769    0.001342   5.336e-05  OAI222_X1
add_276/U1_6                   0.0009097   0.0003531    0.001338   7.522e-05  FA_X1
mult_278/U46                   0.0008678   0.0004018    0.001337   6.763e-05  FA_X1
SW0_REG_data_out_reg_5_         0.001081   0.0001688    0.001336   8.605e-05  DFFR_X1
add_280_U1_6                   0.0009103   0.0003451    0.001331   7.522e-05  FA_X1
mult_277/U46                   0.0008681   0.0003933    0.001329   6.763e-05  FA_X1
SW0_REG_data_out_reg_6_         0.001062   0.0001709    0.001319   8.606e-05  DFFR_X1
B1_IN_REG_data_out_reg_1_      0.0007389   0.0004898    0.001315   8.621e-05  DFFR_X1
mult_277/U43                   0.0007413   0.0005039    0.001308   6.253e-05  FA_X1
add_276/U1_10                   0.001077   0.0001553    0.001308   7.574e-05  FA_X1
A1_2_IN_REG_data_out_reg_1_    0.0007389   0.0004821    0.001307   8.621e-05  DFFR_X1
SW0_REG_data_out_reg_7_         0.001046   0.0001747    0.001307   8.605e-05  DFFR_X1
B0_IN_REG_data_out_reg_1_      0.0007377   0.0004801    0.001304   8.621e-05  DFFR_X1
mult_274/U3                     0.000913   0.0003134    0.001303   7.661e-05  FA_X1
mult_277/U255                  0.0007269   0.0005103    0.001289   5.156e-05  OAI222_X1
SW0_REG_data_out_reg_8_         0.001029   0.0001703    0.001286   8.608e-05  DFFR_X1
mult_279/U28                   0.0007059   0.0005023    0.001278    7.02e-05  FA_X1
mult_279/U53                   0.0008161   0.0003932    0.001277   6.739e-05  FA_X1
add_280_U1_9                    0.001064    0.000134    0.001274   7.583e-05  FA_X1
mult_277/U28                   0.0007059   0.0004972    0.001273    7.02e-05  FA_X1
mult_278/U258                   0.000662   0.0005672    0.001269   3.999e-05  AOI222_X1
mult_278/U28                    0.000706   0.0004928    0.001269    7.02e-05  FA_X1
SW0_REG_data_out_reg_9_         0.001015   0.0001681    0.001269   8.605e-05  DFFR_X1
mult_279/U32                   0.0007059   0.0004875    0.001264   7.051e-05  FA_X1
mult_278/U35                   0.0007071   0.0004895    0.001264   6.712e-05  FA_X1
mult_279/U22                   0.0007065   0.0004796    0.001257   7.051e-05  FA_X1
mult_277/U32                   0.0007058   0.0004793    0.001256   7.051e-05  FA_X1
mult_278/U22                   0.0007066   0.0004769    0.001254   7.051e-05  FA_X1
mult_279/U43                     0.00074   0.0004512    0.001254   6.253e-05  FA_X1
SW1_REG_data_out_reg_10_       0.0009944   0.0001717    0.001252   8.605e-05  DFFR_X1
SW1_REG_data_out_reg_7_        0.0009877    0.000175    0.001249   8.605e-05  DFFR_X1
mult_278/U43                   0.0007398   0.0004444    0.001247   6.253e-05  FA_X1
mult_278/U48                   0.0007065   0.0004724    0.001246   6.712e-05  FA_X1
SW1_REG_data_out_reg_8_        0.0009914    0.000168    0.001245   8.605e-05  DFFR_X1
mult_279/U48                   0.0007064   0.0004718    0.001245   6.712e-05  FA_X1
mult_277/U258                  0.0006619   0.0005424    0.001244   3.999e-05  AOI222_X1
SW1_REG_data_out_reg_9_        0.0009933   0.0001642    0.001244   8.605e-05  DFFR_X1
SW0_REG_data_out_reg_10_       0.0009864   0.0001701    0.001242   8.591e-05  DFFR_X1
mult_277/U22                   0.0007058   0.0004662    0.001242    7.02e-05  FA_X1
mult_278/U53                   0.0008154   0.0003592    0.001242   6.739e-05  FA_X1
mult_277/U53                    0.000815    0.000358     0.00124   6.739e-05  FA_X1
mult_278/U44                   0.0007067   0.0004649    0.001239   6.712e-05  FA_X1
SW1_REG_data_out_reg_6_        0.0009797   0.0001658    0.001232   8.605e-05  DFFR_X1
mult_278/U32                   0.0007055   0.0004527    0.001229   7.051e-05  FA_X1
mult_277/U39                    0.000705   0.0004459    0.001221   7.051e-05  FA_X1
mult_279/U35                    0.000706   0.0004478    0.001221   6.712e-05  FA_X1
SW1_REG_data_out_reg_4_        0.0009621   0.0001695    0.001218   8.605e-05  DFFR_X1
mult_277/U48                   0.0007061   0.0004417    0.001215   6.712e-05  FA_X1
SW1_REG_data_out_reg_3_        0.0009618   0.0001661    0.001214   8.605e-05  DFFR_X1
SW1_REG_data_out_reg_5_         0.000964   0.0001626    0.001213   8.605e-05  DFFR_X1
mult_279/U39                   0.0007049   0.0004263    0.001202   7.051e-05  FA_X1
mult_278/U39                   0.0007047   0.0004229    0.001198   7.051e-05  FA_X1
mult_277/U35                   0.0007058   0.0004234    0.001196   6.712e-05  FA_X1
mult_279/U258                  0.0006608   0.0004937    0.001194   3.999e-05  AOI222_X1
mult_279/U54                   0.0007048   0.0004214    0.001193   6.712e-05  FA_X1
mult_279/U44                   0.0007057   0.0004202    0.001193   6.712e-05  FA_X1
A1_2_IN_REG_data_out_reg_3_    0.0007389   0.0003611    0.001186   8.621e-05  DFFR_X1
mult_277/U44                   0.0007057   0.0004088    0.001182   6.712e-05  FA_X1
mult_277/U54                   0.0007047   0.0004087    0.001181   6.712e-05  FA_X1
mult_278/U54                   0.0007042   0.0004074    0.001179   6.712e-05  FA_X1
IN_REG_data_out_reg_9_         0.0007389   0.0003483    0.001173   8.621e-05  DFFR_X1
B1_IN_REG_data_out_reg_3_      0.0007389   0.0003482    0.001173   8.621e-05  DFFR_X1
B0_IN_REG_data_out_reg_3_      0.0007377   0.0003454    0.001169   8.621e-05  DFFR_X1
mult_277/U26                   0.0007045   0.0003873    0.001162   7.051e-05  FA_X1
mult_274/U2                    0.0008258   0.0002577     0.00116   7.673e-05  FA_X1
VOUT_reg                       0.0008865   0.0001886    0.001154   7.914e-05  DFF_X1
mult_277/U47                   0.0006685   0.0004178    0.001154   6.766e-05  FA_X1
mult_279/U47                   0.0006684   0.0004077    0.001144   6.766e-05  FA_X1
mult_278/U26                   0.0007038   0.0003621    0.001136   7.051e-05  FA_X1
A1_IN_REG_data_out_reg_3_      0.0007378   0.0003119    0.001136   8.621e-05  DFFR_X1
mult_278/U47                   0.0006682   0.0003953    0.001131   6.766e-05  FA_X1
mult_279/U52                    0.000625   0.0004371    0.001127   6.499e-05  FA_X1
add_276/U1_5                   0.0007635   0.0002884    0.001127   7.467e-05  FA_X1
mult_279/U26                   0.0007038   0.0003487    0.001123   7.051e-05  FA_X1
IN_REG_data_out_reg_5_         0.0007389   0.0002952     0.00112   8.621e-05  DFFR_X1
IN_REG_data_out_reg_8_         0.0007389   0.0002927    0.001118   8.621e-05  DFFR_X1
add_280_U1_5                   0.0007632   0.0002799    0.001118   7.467e-05  FA_X1
IN_REG_data_out_reg_6_         0.0007389   0.0002913    0.001117   8.621e-05  DFFR_X1
IN_REG_data_out_reg_4_         0.0007389   0.0002901    0.001115   8.621e-05  DFFR_X1
IN_REG_data_out_reg_3_         0.0007378   0.0002893    0.001113   8.621e-05  DFFR_X1
IN_REG_data_out_reg_7_          0.000739   0.0002786    0.001104   8.621e-05  DFFR_X1
mult_277/U56                   0.0006625   0.0003738    0.001099   6.228e-05  FA_X1
mult_278/U52                   0.0006244   0.0004043    0.001094   6.499e-05  FA_X1
mult_274/U239                  0.0005388   0.0005048    0.001094   4.992e-05  OAI222_X1
SW2_REG_data_out_reg_2_        0.0005081   0.0004973    0.001092   8.605e-05  DFFR_X1
mult_277/U268                  0.0007995    0.000255    0.001089   3.474e-05  XNOR2_X1
mult_279/U56                    0.000662   0.0003608    0.001085   6.228e-05  FA_X1
mult_279/U57                    0.000623   0.0003933    0.001081   6.499e-05  FA_X1
mult_278/U56                    0.000662   0.0003569    0.001081   6.228e-05  FA_X1
mult_277/U282                  0.0006314   0.0004073    0.001079    4.04e-05  XOR2_X1
IN_REG_data_out_reg_2_         0.0007378    0.000251    0.001075   8.621e-05  DFFR_X1
add_275/U1_9                   0.0007346   0.0002622    0.001072    7.57e-05  FA_X1
add_275/U1_8                    0.000726     0.00027    0.001072   7.571e-05  FA_X1
mult_277/U52                   0.0006237   0.0003828    0.001072   6.499e-05  FA_X1
IN_REG_data_out_reg_1_         0.0007378   0.0002475    0.001072   8.621e-05  DFFR_X1
mult_278/U57                   0.0006225   0.0003747    0.001062   6.499e-05  FA_X1
add_275/U1_7                   0.0007087   0.0002779    0.001062    7.55e-05  FA_X1
B0_IN_REG_data_out_reg_5_      0.0007378   0.0002337    0.001058   8.621e-05  DFFR_X1
mult_277/U57                   0.0006233   0.0003694    0.001058   6.499e-05  FA_X1
B1_IN_REG_data_out_reg_5_       0.000739   0.0002273    0.001052   8.621e-05  DFFR_X1
IN_REG_data_out_reg_0_         0.0007378   0.0002256     0.00105   8.621e-05  DFFR_X1
B0_IN_REG_data_out_reg_9_      0.0007378   0.0002255    0.001049   8.621e-05  DFFR_X1
A1_2_IN_REG_data_out_reg_9_    0.0007389   0.0002207    0.001046   8.621e-05  DFFR_X1
A1_2_IN_REG_data_out_reg_5_    0.0007389     0.00022    0.001045   8.621e-05  DFFR_X1
B1_IN_REG_data_out_reg_9_      0.0007388   0.0002122    0.001037   8.621e-05  DFFR_X1
mult_277/U58                   0.0006488   0.0003055    0.001022   6.784e-05  FA_X1
A1_IN_REG_data_out_reg_5_      0.0007386   0.0001966    0.001021   8.621e-05  DFFR_X1
mult_278/U58                   0.0006485   0.0003017    0.001018   6.784e-05  FA_X1
mult_279/U58                   0.0006485   0.0003011    0.001017   6.784e-05  FA_X1
B0_IN_REG_data_out_reg_7_      0.0007373   0.0001915    0.001015   8.621e-05  DFFR_X1
B1_IN_REG_data_out_reg_7_      0.0007384   0.0001854     0.00101   8.621e-05  DFFR_X1
A1_2_IN_REG_data_out_reg_7_    0.0007384   0.0001826    0.001007   8.621e-05  DFFR_X1
mult_274/U29                   0.0005471   0.0003792    0.001004   7.789e-05  FA_X1
A1_IN_REG_data_out_reg_7_      0.0007383   0.0001792    0.001004   8.621e-05  DFFR_X1
add_275/U1_6                   0.0006721   0.0002463   0.0009937   7.522e-05  FA_X1
mult_274/U235                   0.000495   0.0004451   0.0009813   4.124e-05  AOI222_X1
mult_277/U259                    0.00049   0.0004173    0.000969   6.169e-05  OAI222_X1
SW2_REG_data_out_reg_0_          0.00051   0.0003709    0.000967   8.605e-05  DFFR_X1
mult_278/U259                  0.0004912   0.0004087   0.0009616   6.169e-05  OAI222_X1
mult_279/U259                  0.0004911   0.0003973   0.0009501   6.169e-05  OAI222_X1
add_280_U1_4                   0.0006142   0.0002552    0.000943   7.358e-05  FA_X1
A1_IN_REG_data_out_reg_1_      0.0007364   0.0001198   0.0009424   8.621e-05  DFFR_X1
B1_IN_REG_data_out_reg_4_      0.0007375   0.0001135   0.0009372   8.621e-05  DFFR_X1
A1_IN_REG_data_out_reg_4_      0.0007361   0.0001077     0.00093   8.621e-05  DFFR_X1
B1_IN_REG_data_out_reg_6_      0.0007373   0.0001056    0.000929   8.621e-05  DFFR_X1
A1_IN_REG_data_out_reg_9_      0.0007373   0.0001055    0.000929   8.621e-05  DFFR_X1
B0_IN_REG_data_out_reg_4_       0.000736   0.0001048   0.0009271   8.621e-05  DFFR_X1
A1_IN_REG_data_out_reg_6_      0.0007372   0.0001036    0.000927   8.621e-05  DFFR_X1
A1_IN_REG_data_out_reg_8_      0.0007372   0.0001028   0.0009262   8.621e-05  DFFR_X1
A1_2_IN_REG_data_out_reg_6_    0.0007372   0.0001028   0.0009262   8.621e-05  DFFR_X1
A1_2_IN_REG_data_out_reg_4_    0.0007372   0.0001024   0.0009257   8.621e-05  DFFR_X1
B0_IN_REG_data_out_reg_6_       0.000736   0.0001025   0.0009246   8.621e-05  DFFR_X1
mult_277/U51                   0.0005422    0.000313   0.0009197   6.452e-05  FA_X1
mult_278/U51                   0.0005421   0.0003115   0.0009181   6.452e-05  FA_X1
add_276/U1_4                   0.0006129   0.0002314   0.0009179   7.358e-05  FA_X1
mult_279/U51                   0.0005426   0.0003044   0.0009115   6.452e-05  FA_X1
mult_274/U32                   0.0005429   0.0002997   0.0009104   6.794e-05  FA_X1
add_275/U1_5                   0.0006017    0.000232   0.0009084   7.467e-05  FA_X1
add_275/U1_10                   0.000736   9.556e-05   0.0009069   7.532e-05  FA_X1
B1_IN_REG_data_out_reg_8_      0.0007366   8.177e-05   0.0009045   8.621e-05  DFFR_X1
A1_IN_REG_data_out_reg_2_      0.0007354   8.272e-05   0.0009043   8.621e-05  DFFR_X1
B1_IN_REG_data_out_reg_2_      0.0007365   8.004e-05   0.0009028   8.621e-05  DFFR_X1
mult_274/U26                   0.0004981    0.000332   0.0009022   7.209e-05  FA_X1
A1_2_IN_REG_data_out_reg_8_    0.0007365   7.946e-05   0.0009022   8.621e-05  DFFR_X1
B0_IN_REG_data_out_reg_2_      0.0007352   7.807e-05   0.0008995   8.621e-05  DFFR_X1
A1_2_IN_REG_data_out_reg_2_    0.0007364   7.623e-05   0.0008989   8.621e-05  DFFR_X1
B0_IN_REG_data_out_reg_8_      0.0007352   7.722e-05   0.0008986   8.621e-05  DFFR_X1
mult_278/U60                   0.0005415   0.0002779   0.0008844   6.499e-05  FA_X1
mult_279/U60                   0.0005415    0.000277   0.0008834   6.499e-05  FA_X1
mult_274/U36                   0.0005439   0.0002669    0.000881   7.027e-05  FA_X1
mult_277/U60                   0.0005417   0.0002736   0.0008803   6.499e-05  FA_X1
vin_d1_reg                     0.0007361   5.724e-05   0.0008796   8.621e-05  DFFR_X1
mult_278/U264                  0.0004695   0.0003703   0.0008788   3.893e-05  AOI222_X1
mult_277/U45                   0.0004503   0.0003676    0.000874    5.62e-05  HA_X1
mult_279/U264                  0.0004698    0.000363   0.0008717   3.893e-05  AOI222_X1
mult_278/U45                   0.0004502   0.0003539   0.0008602    5.62e-05  HA_X1
add_275/U1_4                   0.0005561    0.000227   0.0008568   7.358e-05  FA_X1
A1_IN_REG_data_out_reg_0_       0.000734   3.188e-05    0.000852   8.621e-05  DFFR_X1
mult_279/U45                   0.0004501   0.0003435   0.0008498    5.62e-05  HA_X1
A1_2_IN_REG_data_out_reg_0_    0.0007352   2.834e-05   0.0008497   8.621e-05  DFFR_X1
B1_IN_REG_data_out_reg_0_      0.0007352   2.795e-05   0.0008493   8.621e-05  DFFR_X1
B0_IN_REG_data_out_reg_0_      0.0007337   2.615e-05   0.0008461   8.621e-05  DFFR_X1
mult_274/U41                   0.0005275   0.0002471   0.0008422   6.763e-05  FA_X1
mult_277/U264                  0.0004686   0.0003324   0.0008399   3.893e-05  AOI222_X1
mult_274/U236                  0.0004364   0.0003391   0.0008289   5.338e-05  OAI222_X1
SW4_REG_data_out_reg_2_        0.0005086   0.0002296   0.0008242   8.605e-05  DFFR_X1
mult_274/U33                   0.0004385   0.0002897   0.0008086   8.045e-05  FA_X1
mult_274/U22                   0.0004374   0.0002952   0.0008078    7.52e-05  FA_X1
mult_274/U24                   0.0004354   0.0002979   0.0008039   7.049e-05  FA_X1
SW2_REG_data_out_reg_1_        0.0005096   0.0001999   0.0007956   8.605e-05  DFFR_X1
mult_278/U280                  0.0001798   0.0005226   0.0007754    7.31e-05  XNOR2_X2
mult_279/U279                   0.000181   0.0005203   0.0007744    7.31e-05  XNOR2_X2
mult_279/U280                  0.0001797   0.0005154   0.0007683    7.31e-05  XNOR2_X2
mult_278/U279                   0.000181   0.0005121   0.0007662    7.31e-05  XNOR2_X2
mult_277/U279                  0.0001812   0.0005093   0.0007636    7.31e-05  XNOR2_X2
mult_277/U280                  0.0001797   0.0005019   0.0007548    7.31e-05  XNOR2_X2
mult_274/U42                   0.0004311    0.000253   0.0007518   6.766e-05  FA_X1
SW4_REG_data_out_reg_0_        0.0005072   0.0001441   0.0007374   8.605e-05  DFFR_X1
mult_274/U242                  0.0003806   0.0003056   0.0007262   3.998e-05  AOI222_X1
mult_274/U266                  0.0001805   0.0004662   0.0007199    7.31e-05  XNOR2_X2
mult_274/U268                  0.0001798   0.0004652   0.0007181    7.31e-05  XNOR2_X2
mult_274/U37                   0.0004048    0.000248   0.0007174   6.458e-05  FA_X1
mult_274/U267                  0.0001797   0.0004546   0.0007074    7.31e-05  XNOR2_X2
mult_274/U30                    0.000414   0.0002252   0.0007056   6.642e-05  FA_X1
mult_274/U45                   0.0004339   0.0002007   0.0007043   6.975e-05  FA_X1
mult_274/U53                   0.0004259   0.0002044   0.0006982   6.784e-05  FA_X1
mult_274/U48                   0.0004327   0.0001976   0.0006977   6.739e-05  FA_X1
mult_279/U265                  0.0003218   0.0002855   0.0006708   6.347e-05  OAI222_X1
mult_274/U21                    0.000349   0.0002452   0.0006644    7.02e-05  FA_X1
mult_278/U265                  0.0003219   0.0002706    0.000656   6.347e-05  OAI222_X1
mult_274/U27                   0.0003485   0.0002348   0.0006534    7.02e-05  FA_X1
mult_274/U51                   0.0003832   0.0002042   0.0006497   6.228e-05  FA_X1
mult_274/U31                   0.0003484   0.0002279   0.0006468   7.051e-05  FA_X1
SW4_REG_data_out_reg_1_         0.000505   5.524e-05   0.0006463   8.605e-05  DFFR_X1
mult_277/U265                  0.0003222   0.0002561   0.0006418   6.347e-05  OAI222_X1
mult_274/U34                   0.0003486   0.0002231   0.0006388   6.712e-05  FA_X1
mult_274/U38                   0.0003483   0.0002196   0.0006384   7.051e-05  FA_X1
mult_274/U43                   0.0003488   0.0002216   0.0006375   6.712e-05  FA_X1
mult_274/U49                   0.0003484   0.0002186   0.0006341   6.712e-05  FA_X1
mult_274/U47                    0.000336   0.0002143   0.0006153   6.499e-05  FA_X1
SW1_REG_data_out_reg_2_        0.0005039   1.997e-05   0.0006099   8.605e-05  DFFR_X1
SW1_REG_data_out_reg_1_        0.0005038   1.944e-05   0.0006093   8.605e-05  DFFR_X1
SW1_REG_data_out_reg_0_        0.0005038   1.944e-05   0.0006093   8.605e-05  DFFR_X1
mult_274/U243                  0.0002982   0.0002444   0.0006043   6.174e-05  OAI222_X1
mult_274/U52                   0.0003355   0.0002014   0.0006019   6.499e-05  FA_X1
mult_274/U25                   0.0003476   0.0001792   0.0005973   7.051e-05  FA_X1
mult_279/U61                   0.0003654   0.0001728   0.0005944    5.62e-05  HA_X1
mult_278/U61                   0.0003655   0.0001722   0.0005939    5.62e-05  HA_X1
mult_277/U61                   0.0003658   0.0001574   0.0005793    5.62e-05  HA_X1
mult_278/U296                  0.0002955   0.0002448   0.0005792   3.893e-05  XOR2_X1
mult_277/U392                   0.000266     0.00027   0.0005721   3.616e-05  XOR2_X1
mult_277/U299                  0.0002957   0.0002371   0.0005717   3.893e-05  XOR2_X1
mult_279/U296                  0.0002945    0.000238   0.0005714   3.893e-05  XOR2_X1
mult_274/U251                  0.0002867   0.0002407   0.0005663    3.89e-05  AOI222_X1
mult_274/U55                   0.0003349   0.0001617   0.0005616   6.499e-05  FA_X1
mult_274/U46                   0.0003131   0.0001835   0.0005611   6.452e-05  FA_X1
mult_279/U322                  0.0001967   0.0003009   0.0005326    3.49e-05  OAI22_X1
mult_277/U250                   9.22e-05   0.0003984    0.000527   3.644e-05  XNOR2_X1
mult_277/U410                  0.0002676   0.0002171   0.0005212   3.644e-05  XNOR2_X1
mult_278/U339                  0.0001969   0.0002889   0.0005208    3.49e-05  OAI22_X1
mult_277/U325                  0.0001969   0.0002888   0.0005206    3.49e-05  OAI22_X1
mult_279/U340                  0.0002538     0.00023     0.00052   3.616e-05  XOR2_X1
mult_278/U378                  0.0002678   0.0002128   0.0005167   3.616e-05  XOR2_X1
mult_277/U350                  0.0001986   0.0002901   0.0005155   2.676e-05  AOI22_X1
mult_277/U396                  0.0002677   0.0002108   0.0005149   3.644e-05  XNOR2_X1
mult_278/U340                  0.0002659   0.0002123   0.0005143   3.616e-05  XOR2_X1
mult_277/U337                  0.0002668   0.0002104   0.0005134   3.616e-05  XOR2_X1
mult_278/U355                  0.0002678   0.0002077   0.0005117   3.616e-05  XOR2_X1
mult_278/U374                   0.000269   0.0002037   0.0005091   3.644e-05  XNOR2_X1
mult_279/U312                  0.0001986   0.0002837   0.0005091   2.676e-05  AOI22_X1
mult_279/U399                  4.447e-05   0.0004467   0.0005085   1.739e-05  NAND2_X1
mult_278/U407                  0.0002681   0.0002038   0.0005083   3.644e-05  XNOR2_X1
mult_277/U343                   0.000266   0.0002058   0.0005079   3.616e-05  XOR2_X1
mult_279/U378                   0.000255   0.0002161   0.0005072   3.616e-05  XOR2_X1
mult_277/U381                  0.0002677   0.0002032    0.000507   3.616e-05  XOR2_X1
mult_277/U342                  0.0001967   0.0002754    0.000507    3.49e-05  OAI22_X1
mult_278/U322                   0.000197    0.000275   0.0005068    3.49e-05  OAI22_X1
mult_277/U364                   0.000267   0.0002022   0.0005053   3.616e-05  XOR2_X1
mult_278/U257                  0.0001459   0.0003448   0.0005051   1.435e-05  INV_X1
mult_278/U408                  0.0002663    0.000202   0.0005045   3.616e-05  XOR2_X1
mult_277/U423                  0.0002675   0.0002004   0.0005044   3.644e-05  XNOR2_X1
mult_278/U399                  4.454e-05   0.0004424   0.0005044   1.739e-05  NAND2_X1
mult_279/U364                  4.469e-05   0.0004421   0.0005042   1.739e-05  NAND2_X1
mult_277/U315                  0.0001981   0.0002791    0.000504   2.676e-05  AOI22_X1
mult_278/U312                  0.0001983   0.0002789    0.000504   2.676e-05  AOI22_X1
mult_274/U234                   9.43e-05   0.0003734   0.0005038   3.616e-05  XOR2_X1
mult_278/U393                  0.0002681    0.000199   0.0005035   3.644e-05  XNOR2_X1
mult_277/U405                  0.0002663   0.0002007   0.0005031   3.616e-05  XOR2_X1
mult_277/U341                  0.0002662   0.0002004   0.0005027   3.616e-05  XOR2_X1
mult_278/U346                  0.0002658   0.0002002   0.0005022   3.616e-05  XOR2_X1
mult_277/U362                  0.0002669   0.0001991   0.0005021   3.616e-05  XOR2_X1
mult_278/U332                   0.000267   0.0001984   0.0005016   3.616e-05  XOR2_X1
mult_277/U407                  0.0002664   0.0001989   0.0005014   3.616e-05  XOR2_X1
mult_277/U368                   0.000267   0.0001979    0.000501   3.616e-05  XOR2_X1
mult_277/U391                   0.000269   0.0001949   0.0005004   3.644e-05  XNOR2_X1
mult_277/U304                  0.0002664   0.0001975   0.0005001   3.616e-05  XOR2_X1
mult_277/U366                  0.0002671   0.0001968   0.0005001   3.616e-05  XOR2_X1
mult_278/U364                  4.464e-05    0.000438      0.0005   1.739e-05  NAND2_X1
mult_277/U419                  0.0002683   0.0001946   0.0004994   3.644e-05  XNOR2_X1
mult_278/U365                  0.0002671   0.0001951   0.0004983   3.616e-05  XOR2_X1
mult_278/U388                  0.0002691   0.0001919   0.0004974   3.644e-05  XNOR2_X1
mult_277/U398                  0.0002682   0.0001925   0.0004971   3.644e-05  XNOR2_X1
mult_277/U409                  0.0002665   0.0001942   0.0004968   3.616e-05  XOR2_X1
mult_277/U311                  0.0001967   0.0002652   0.0004968    3.49e-05  OAI22_X1
mult_277/U412                  0.0002663   0.0001944   0.0004968   3.616e-05  XOR2_X1
mult_277/U390                  0.0002667   0.0001933   0.0004962   3.616e-05  XOR2_X1
mult_278/U301                  0.0002663   0.0001937   0.0004961   3.616e-05  XOR2_X1
mult_277/U417                  0.0002682   0.0001912   0.0004958   3.644e-05  XNOR2_X1
mult_277/U367                  4.468e-05   0.0004335   0.0004956   1.739e-05  NAND2_X1
mult_278/U386                   0.000267   0.0001923   0.0004955   3.616e-05  XOR2_X1
mult_277/U389                  0.0002669   0.0001923   0.0004954   3.616e-05  XOR2_X1
mult_278/U389                  0.0002666   0.0001924   0.0004951   3.616e-05  XOR2_X1
mult_277/U380                  0.0002675   0.0001912   0.0004949   3.616e-05  XOR2_X1
mult_278/U366                  0.0002669   0.0001917   0.0004948   3.616e-05  XOR2_X1
mult_277/U349                   0.000266   0.0001925   0.0004946   3.616e-05  XOR2_X1
mult_279/U355                   0.000255   0.0002033   0.0004944   3.616e-05  XOR2_X1
mult_277/U358                   0.000268   0.0001903   0.0004944   3.616e-05  XOR2_X1
mult_278/U416                  0.0002685   0.0001894   0.0004943   3.644e-05  XNOR2_X1
mult_278/U336                   0.000266   0.0001919   0.0004941   3.616e-05  XOR2_X1
mult_279/U359                  0.0002544   0.0002034   0.0004939   3.616e-05  XOR2_X1
mult_277/U257                   0.000146   0.0003335   0.0004938   1.435e-05  INV_X1
mult_278/U357                  0.0002677   0.0001898   0.0004937   3.616e-05  XOR2_X1
mult_278/U414                  0.0002682   0.0001887   0.0004934   3.644e-05  XNOR2_X1
mult_278/U395                  0.0002683   0.0001886   0.0004933   3.644e-05  XNOR2_X1
mult_277/U256                  0.0001454   0.0003346   0.0004931   1.316e-05  INV_X1
mult_278/U404                  0.0002663   0.0001906    0.000493   3.616e-05  XOR2_X1
mult_279/U377                  0.0002546   0.0002021   0.0004929   3.616e-05  XOR2_X1
mult_278/U406                  0.0002664   0.0001902   0.0004928   3.616e-05  XOR2_X1
mult_278/U387                  0.0002668   0.0001894   0.0004924   3.616e-05  XOR2_X1
mult_277/U383                  0.0002668   0.0001894   0.0004923   3.616e-05  XOR2_X1
mult_277/U402                  4.447e-05   0.0004299   0.0004917   1.739e-05  NAND2_X1
mult_277/U385                  0.0002669   0.0001886   0.0004916   3.616e-05  XOR2_X1
mult_279/U256                  0.0001454   0.0003331   0.0004916   1.316e-05  INV_X1
mult_278/U420                   0.000268   0.0001871   0.0004915   3.644e-05  XNOR2_X1
mult_277/U360                  0.0002677   0.0001873   0.0004912   3.616e-05  XOR2_X1
mult_278/U382                   0.000267    0.000188   0.0004911   3.616e-05  XOR2_X1
mult_279/U339                  0.0001966   0.0002595    0.000491    3.49e-05  OAI22_X1
mult_278/U377                  0.0002677    0.000187   0.0004908   3.616e-05  XOR2_X1
mult_278/U402                  0.0002662   0.0001885   0.0004908   3.616e-05  XOR2_X1
mult_278/U334                  0.0002668   0.0001877   0.0004907   3.616e-05  XOR2_X1
mult_277/U377                  0.0002697   0.0001843   0.0004904   3.644e-05  XNOR2_X1
mult_277/U403                  0.0002671    0.000187   0.0004903   3.616e-05  XOR2_X1
mult_277/U401                  0.0002674   0.0001867   0.0004902   3.616e-05  XOR2_X1
mult_279/U407                  0.0002533   0.0002001   0.0004899   3.644e-05  XNOR2_X1
mult_279/U363                  0.0002547   0.0001989   0.0004898   3.616e-05  XOR2_X1
mult_277/U387                   0.000267   0.0001866   0.0004897   3.616e-05  XOR2_X1
mult_278/U363                  0.0002672   0.0001859   0.0004893   3.616e-05  XOR2_X1
mult_278/FE_OFC0_n370          6.378e-05    0.000414    0.000489   1.121e-05  CLKBUF_X1
mult_277/U308                  0.0002648   0.0001879   0.0004889   3.616e-05  XOR2_X1
mult_277/U335                  0.0002671   0.0001855   0.0004888   3.616e-05  XOR2_X1
mult_279/U385                  0.0002531   0.0001991   0.0004887   3.644e-05  XNOR2_X1
mult_278/U361                  0.0002671   0.0001853   0.0004886   3.616e-05  XOR2_X1
mult_277/U339                  0.0002661   0.0001858   0.0004881   3.616e-05  XOR2_X1
mult_279/U416                   0.000253   0.0001986   0.0004881   3.644e-05  XNOR2_X1
mult_279/U414                  0.0002532   0.0001981   0.0004878   3.644e-05  XNOR2_X1
mult_278/U409                  0.0002662   0.0001853   0.0004877   3.616e-05  XOR2_X1
mult_278/U338                  0.0002662    0.000185   0.0004874   3.616e-05  XOR2_X1
mult_277/U369                  0.0002669   0.0001841   0.0004872   3.616e-05  XOR2_X1
mult_279/U386                  0.0002545   0.0001964   0.0004871   3.616e-05  XOR2_X1
mult_279/U398                  0.0002543   0.0001963   0.0004867   3.616e-05  XOR2_X1
mult_278/U400                   0.000267   0.0001834   0.0004866   3.616e-05  XOR2_X1
mult_278/U359                  0.0002669   0.0001834   0.0004865   3.616e-05  XOR2_X1
mult_277/U411                  0.0002665   0.0001837   0.0004863   3.616e-05  XOR2_X1
mult_277/U371                  0.0002667   0.0001835   0.0004863   3.616e-05  XOR2_X1
mult_278/U380                  0.0002669   0.0001833   0.0004863   3.616e-05  XOR2_X1
mult_279/U346                  0.0002539   0.0001958   0.0004859   3.616e-05  XOR2_X1
mult_277/U344                  0.0002663   0.0001834   0.0004859   3.616e-05  XOR2_X1
mult_278/U341                  0.0002663    0.000183   0.0004855   3.616e-05  XOR2_X1
mult_279/U366                  0.0002547   0.0001943   0.0004851   3.616e-05  XOR2_X1
mult_279/U301                  0.0002537   0.0001943   0.0004841   3.616e-05  XOR2_X1
mult_278/U398                  0.0002673   0.0001806    0.000484   3.616e-05  XOR2_X1
mult_278/U368                  0.0002667   0.0001811    0.000484   3.616e-05  XOR2_X1
mult_279/U334                  0.0002536   0.0001938   0.0004836   3.616e-05  XOR2_X1
mult_279/U395                   0.000253   0.0001941   0.0004836   3.644e-05  XNOR2_X1
mult_278/U384                  0.0002672     0.00018   0.0004833   3.616e-05  XOR2_X1
mult_279/U336                  0.0002535   0.0001936   0.0004832   3.616e-05  XOR2_X1
mult_279/U406                   0.000254   0.0001928    0.000483   3.616e-05  XOR2_X1
mult_279/U332                   0.000254   0.0001927   0.0004829   3.616e-05  XOR2_X1
mult_279/U341                  0.0002538   0.0001928   0.0004828   3.616e-05  XOR2_X1
mult_278/U308                   0.000197   0.0002505   0.0004824    3.49e-05  OAI22_X1
mult_279/U420                  0.0002533   0.0001912    0.000481   3.644e-05  XNOR2_X1
mult_279/U393                  0.0002534   0.0001909   0.0004808   3.644e-05  XNOR2_X1
mult_279/U382                  0.0002549   0.0001897   0.0004808   3.616e-05  XOR2_X1
mult_279/U368                  0.0002547   0.0001898   0.0004807   3.616e-05  XOR2_X1
mult_279/U380                  0.0002545     0.00019   0.0004806   3.616e-05  XOR2_X1
mult_279/U374                  0.0002536   0.0001891   0.0004792   3.644e-05  XNOR2_X1
mult_279/U404                  0.0002541   0.0001888    0.000479   3.616e-05  XOR2_X1
mult_279/U400                  0.0002539    0.000189    0.000479   3.616e-05  XOR2_X1
mult_279/U384                  0.0002548    0.000188   0.0004789   3.616e-05  XOR2_X1
mult_279/U357                  0.0002545   0.0001882   0.0004789   3.616e-05  XOR2_X1
mult_279/U338                  0.0002539   0.0001886   0.0004787   3.616e-05  XOR2_X1
mult_279/U257                  0.0001461   0.0003182   0.0004786   1.435e-05  INV_X1
mult_279/U408                  0.0002537   0.0001885   0.0004784   3.616e-05  XOR2_X1
mult_278/U256                  0.0001455   0.0003193    0.000478   1.316e-05  INV_X1
mult_279/U402                  0.0002537   0.0001874   0.0004773   3.616e-05  XOR2_X1
mult_279/U389                  0.0002547   0.0001857   0.0004766   3.616e-05  XOR2_X1
mult_279/U387                  0.0002547   0.0001856   0.0004765   3.616e-05  XOR2_X1
mult_279/U361                  0.0002548   0.0001852   0.0004762   3.616e-05  XOR2_X1
mult_279/U365                  0.0002544   0.0001848   0.0004754   3.616e-05  XOR2_X1
mult_277/U49                   0.0002301   0.0001867   0.0004729   5.615e-05  HA_X1
mult_279/FE_OFC1_n370          6.381e-05   0.0003957   0.0004708   1.121e-05  CLKBUF_X1
mult_279/U409                   0.000254    0.000178   0.0004681   3.616e-05  XOR2_X1
mult_274/U44                   0.0002302   0.0001813   0.0004676   5.615e-05  HA_X1
mult_279/U287                  0.0001957   0.0002359   0.0004664    3.49e-05  OAI22_X1
mult_278/U319                  0.0001956   0.0002344   0.0004649    3.49e-05  OAI22_X1
mult_279/U415                  2.369e-05   0.0004237   0.0004617   1.435e-05  INV_X1
mult_277/U55                   0.0002301   0.0001749   0.0004612   5.615e-05  HA_X1
mult_278/U49                   0.0002299   0.0001737   0.0004597   5.615e-05  HA_X1
mult_278/U410                  4.376e-05   0.0003982   0.0004593   1.739e-05  NAND2_X1
mult_277/U296                  2.991e-05   0.0004146   0.0004588   1.435e-05  INV_X1
mult_278/U320                   0.000197   0.0002264   0.0004583    3.49e-05  OAI22_X1
mult_277/U323                  0.0001967   0.0002246   0.0004562    3.49e-05  OAI22_X1
mult_277/U320                  0.0001968   0.0002242   0.0004559    3.49e-05  OAI22_X1
mult_274/U361                  4.456e-05   0.0003937   0.0004557   1.739e-05  NAND2_X1
mult_279/U397                  2.373e-05    0.000417   0.0004551   1.435e-05  INV_X1
mult_278/U323                  0.0001956   0.0002245    0.000455    3.49e-05  OAI22_X1
mult_274/U379                  2.368e-05   0.0004164   0.0004544   1.435e-05  INV_X1
mult_279/U49                   0.0002298   0.0001684   0.0004544   5.615e-05  HA_X1
mult_277/U400                  2.371e-05   0.0004163   0.0004544   1.435e-05  INV_X1
mult_278/U397                  2.375e-05   0.0004162   0.0004543   1.435e-05  INV_X1
mult_279/U298                  2.965e-05   0.0004103   0.0004543   1.435e-05  INV_X1
mult_274/U383                  4.438e-05   0.0003919   0.0004537   1.739e-05  NAND2_X1
mult_274/U252                  0.0002156   0.0001742   0.0004534    6.36e-05  OAI222_X1
mult_278/U302                  0.0001971   0.0002285   0.0004523   2.676e-05  AOI22_X1
mult_278/U415                  2.369e-05   0.0004131   0.0004511   1.435e-05  INV_X1
mult_274/U390                  4.444e-05   0.0003891    0.000451   1.739e-05  NAND2_X1
mult_277/U413                  4.387e-05   0.0003896   0.0004509   1.739e-05  NAND2_X1
mult_274/U50                     0.00023   0.0001639     0.00045   5.615e-05  HA_X1
mult_279/U410                  4.383e-05   0.0003865   0.0004477   1.739e-05  NAND2_X1
mult_277/U281                   0.000169   0.0002433   0.0004473    3.49e-05  OAI22_X1
mult_279/U308                  0.0001967   0.0002139   0.0004454    3.49e-05  OAI22_X1
mult_277/U310                  0.0001989   0.0002115   0.0004453    3.49e-05  OAI22_X1
mult_278/U55                   0.0002299   0.0001591   0.0004452   5.615e-05  HA_X1
mult_274/U396                  2.371e-05   0.0004063   0.0004443   1.435e-05  INV_X1
mult_279/U55                     0.00023   0.0001567   0.0004429   5.615e-05  HA_X1
mult_277/U59                   0.0002299   0.0001558   0.0004418   5.615e-05  HA_X1
mult_277/U309                  0.0001971   0.0002095   0.0004415    3.49e-05  OAI22_X1
mult_278/U298                  3.001e-05   0.0003971   0.0004415   1.435e-05  INV_X1
mult_279/U302                  0.0001973   0.0002169    0.000441   2.676e-05  AOI22_X1
mult_279/U360                   0.000198   0.0002161   0.0004409   2.676e-05  AOI22_X1
mult_277/U355                  0.0002188   0.0001876   0.0004403   3.392e-05  AOI222_X1
mult_277/U418                   2.37e-05    0.000402   0.0004401   1.435e-05  INV_X1
mult_279/U323                  0.0001953   0.0002091   0.0004392    3.49e-05  OAI22_X1
mult_278/U335                  0.0001956   0.0002068   0.0004373    3.49e-05  OAI22_X1
mult_279/U327                  0.0001953   0.0002068   0.0004369    3.49e-05  OAI22_X1
mult_274/U397                  2.376e-05   0.0003985   0.0004366   1.435e-05  INV_X1
mult_278/U290                  0.0001973   0.0002042   0.0004363    3.49e-05  OAI22_X1
mult_278/U342                  0.0001956   0.0002044   0.0004348    3.49e-05  OAI22_X1
mult_279/U59                   0.0002296    0.000149   0.0004348   5.615e-05  HA_X1
mult_279/U342                  0.0001953   0.0002039    0.000434    3.49e-05  OAI22_X1
mult_277/U305                  0.0001966   0.0002105   0.0004339   2.676e-05  AOI22_X1
mult_277/U327                  0.0001968   0.0002011   0.0004328    3.49e-05  OAI22_X1
mult_277/U314                  0.0001972    0.000199   0.0004311    3.49e-05  OAI22_X1
mult_278/U59                   0.0002296   0.0001445   0.0004302   5.615e-05  HA_X1
mult_277/U322                  0.0001956   0.0001995   0.0004301    3.49e-05  OAI22_X1
mult_274/U54                   0.0002296   0.0001444   0.0004301   5.615e-05  HA_X1
mult_279/U320                  0.0001966   0.0001985     0.00043    3.49e-05  OAI22_X1
mult_277/U326                  0.0001957   0.0001986   0.0004291    3.49e-05  OAI22_X1
mult_278/U348                  0.0002192   0.0001759    0.000429   3.392e-05  AOI222_X1
mult_279/U329                  0.0001966   0.0001973   0.0004288    3.49e-05  OAI22_X1
mult_277/U332                  0.0001968   0.0001969   0.0004286    3.49e-05  OAI22_X1
mult_279/U319                  0.0001953   0.0001977   0.0004279    3.49e-05  OAI22_X1
mult_278/U329                  0.0001971   0.0001946   0.0004266    3.49e-05  OAI22_X1
mult_278/U291                  0.0001688   0.0002222   0.0004259    3.49e-05  OAI22_X1
mult_278/U327                  0.0001956   0.0001954   0.0004259    3.49e-05  OAI22_X1
mult_278/U317                   0.000197   0.0001939   0.0004258    3.49e-05  OAI22_X1
mult_279/U335                  0.0001953   0.0001955   0.0004257    3.49e-05  OAI22_X1
mult_279/U348                  0.0002192   0.0001724   0.0004255   3.392e-05  AOI222_X1
mult_277/U317                  0.0001971   0.0001928   0.0004247    3.49e-05  OAI22_X1
mult_279/U317                  0.0001966    0.000193   0.0004246    3.49e-05  OAI22_X1
mult_279/U290                  0.0001969   0.0001926   0.0004244    3.49e-05  OAI22_X1
mult_278/U324                   0.000197   0.0001924   0.0004243    3.49e-05  OAI22_X1
mult_277/U293                  0.0001971   0.0001923   0.0004243    3.49e-05  OAI22_X1
mult_278/U287                  0.0001962   0.0001932   0.0004243    3.49e-05  OAI22_X1
mult_277/U290                   0.000199   0.0001904   0.0004243    3.49e-05  OAI22_X1
mult_278/U311                  0.0001971   0.0001911   0.0004231    3.49e-05  OAI22_X1
mult_278/U360                  0.0001976   0.0001979   0.0004223   2.676e-05  AOI22_X1
mult_278/U295                  0.0001972   0.0001899    0.000422    3.49e-05  OAI22_X1
mult_279/U262                  0.0001348    0.000264   0.0004218   2.295e-05  NAND2_X1
mult_279/U291                   0.000169   0.0002176   0.0004214    3.49e-05  OAI22_X1
mult_278/U316                  0.0001955    0.000191   0.0004214    3.49e-05  OAI22_X1
mult_277/U319                  0.0001956   0.0001904   0.0004209    3.49e-05  OAI22_X1
mult_279/U311                  0.0001968   0.0001889   0.0004206    3.49e-05  OAI22_X1
mult_278/U307                  0.0001962   0.0001895   0.0004206    3.49e-05  OAI22_X1
mult_279/U316                  0.0001953     0.00019   0.0004202    3.49e-05  OAI22_X1
mult_279/U314                  0.0001969   0.0001877   0.0004195    3.49e-05  OAI22_X1
mult_279/U295                  0.0001968   0.0001875   0.0004192    3.49e-05  OAI22_X1
mult_279/U283                  0.0001689   0.0002153   0.0004191    3.49e-05  OAI22_X1
mult_279/U307                  0.0001955    0.000188   0.0004185    3.49e-05  OAI22_X1
mult_277/U345                  0.0001956    0.000188   0.0004185    3.49e-05  OAI22_X1
mult_278/U300                  0.0001973   0.0001822   0.0004144    3.49e-05  OAI22_X1
mult_277/U300                  0.0001971   0.0001819   0.0004139    3.49e-05  OAI22_X1
mult_277/U338                  0.0001956   0.0001832   0.0004137    3.49e-05  OAI22_X1
mult_279/U324                  0.0001967   0.0001819   0.0004135    3.49e-05  OAI22_X1
mult_277/U330                  0.0001956   0.0001815   0.0004121    3.49e-05  OAI22_X1
mult_279/U306                  0.0001969     0.00018   0.0004118    3.49e-05  OAI22_X1
mult_278/U314                  0.0001972   0.0001793   0.0004114    3.49e-05  OAI22_X1
mult_279/U277                  0.0001689   0.0002076   0.0004114    3.49e-05  OAI22_X1
mult_278/U305                  0.0002655   0.0001087   0.0004104   3.616e-05  XOR2_X1
mult_279/U310                  0.0001788   0.0001965   0.0004101    3.49e-05  OAI22_X1
mult_278/U350                  0.0001904   0.0001521   0.0004075   6.493e-05  OAI222_X1
mult_279/U300                  0.0001968   0.0001755   0.0004071    3.49e-05  OAI22_X1
mult_279/U350                  0.0001904   0.0001502   0.0004055   6.493e-05  OAI222_X1
mult_274/U56                   0.0002349   0.0001142   0.0004053    5.62e-05  HA_X1
mult_277/U275                   0.000169   0.0002013   0.0004051    3.49e-05  OAI22_X1
mult_278/U306                  0.0001972   0.0001721   0.0004041    3.49e-05  OAI22_X1
mult_277/U283                  0.0001992   0.0001698   0.0004039    3.49e-05  OAI22_X1
mult_277/U262                  0.0001347   0.0002459   0.0004036   2.295e-05  NAND2_X1
mult_277/U303                  0.0001969    0.000171   0.0004028    3.49e-05  OAI22_X1
mult_277/U272                  0.0001689   0.0001974   0.0004012    3.49e-05  OAI22_X1
mult_278/U262                  0.0001349   0.0002425   0.0004003   2.295e-05  NAND2_X1
mult_277/U287                  0.0001804   0.0001848   0.0004001    3.49e-05  OAI22_X1
mult_278/U310                  0.0001789   0.0001862      0.0004    3.49e-05  OAI22_X1
mult_278/U277                  0.0001689   0.0001959   0.0003997    3.49e-05  OAI22_X1
mult_278/U274                  0.0001795   0.0001832   0.0003976    3.49e-05  OAI22_X1
mult_278/U261                  0.0001168   0.0002655   0.0003966   1.434e-05  INV_X1
mult_277/U421                  2.377e-05   0.0003581   0.0003962   1.435e-05  INV_X1
mult_277/U294                  0.0001689   0.0001924   0.0003962    3.49e-05  OAI22_X1
mult_278/U283                  0.0001689   0.0001921   0.0003959    3.49e-05  OAI22_X1
mult_277/U276                  0.0001823   0.0001785   0.0003957    3.49e-05  OAI22_X1
mult_277/U301                  0.0001992   0.0001599    0.000394    3.49e-05  OAI22_X1
mult_274/U354                  2.371e-05   0.0003559   0.0003939   1.435e-05  INV_X1
mult_279/U253                  0.0001164   0.0002624   0.0003919   1.312e-05  INV_X1
mult_279/U270                  0.0001689   0.0001862     0.00039    3.49e-05  OAI22_X1
mult_277/U261                  0.0001168   0.0002588     0.00039   1.434e-05  INV_X1
mult_277/U286                  0.0001691   0.0001856   0.0003896    3.49e-05  OAI22_X1
mult_279/U297                  0.0001956    0.000159   0.0003895    3.49e-05  OAI22_X1
mult_278/U254                  0.0001168   0.0002581   0.0003893   1.435e-05  INV_X1
mult_278/U354                  4.493e-05   0.0003258   0.0003881   1.739e-05  NAND2_X1
mult_278/U297                  0.0001962   0.0001569    0.000388    3.49e-05  OAI22_X1
mult_279/U274                  0.0001791   0.0001739   0.0003878    3.49e-05  OAI22_X1
mult_277/U357                  0.0001901   0.0001322   0.0003872   6.493e-05  OAI222_X1
mult_278/U278                  0.0001963   0.0001555   0.0003867    3.49e-05  OAI22_X1
mult_278/U253                  0.0001164    0.000257   0.0003865   1.312e-05  INV_X1
mult_277/U253                  0.0001163   0.0002569   0.0003863   1.312e-05  INV_X1
mult_277/U313                   0.000179   0.0001721    0.000386    3.49e-05  OAI22_X1
mult_279/U273                  0.0001689   0.0001816   0.0003855    3.49e-05  OAI22_X1
mult_277/U254                  0.0001169    0.000254   0.0003852   1.435e-05  INV_X1
mult_279/U293                  0.0001802   0.0001698   0.0003849    3.49e-05  OAI22_X1
mult_278/U273                  0.0001688   0.0001812   0.0003849    3.49e-05  OAI22_X1
mult_279/U254                  0.0001171   0.0002531   0.0003846   1.435e-05  INV_X1
mult_279/U261                  0.0001169    0.000253   0.0003843   1.434e-05  INV_X1
mult_278/U418                   2.38e-05   0.0003454   0.0003835   1.435e-05  INV_X1
mult_278/U293                  0.0001805    0.000168   0.0003834    3.49e-05  OAI22_X1
mult_279/U285                  0.0001956   0.0001522   0.0003827    3.49e-05  OAI22_X1
mult_277/U298                  0.0001801   0.0001668   0.0003818    3.49e-05  OAI22_X1
mult_279/U284                  0.0001804   0.0001656   0.0003809    3.49e-05  OAI22_X1
mult_279/U305                   0.000252   9.247e-05   0.0003807   3.616e-05  XOR2_X1
mult_277/U321                  0.0001972   0.0001477   0.0003799    3.49e-05  OAI22_X1
mult_278/U289                  0.0001689    0.000176   0.0003798    3.49e-05  OAI22_X1
mult_278/U318                  0.0001972   0.0001469    0.000379    3.49e-05  OAI22_X1
mult_278/U270                  0.0001689   0.0001752    0.000379    3.49e-05  OAI22_X1
mult_279/U418                  2.376e-05   0.0003409    0.000379   1.435e-05  INV_X1
mult_278/U284                  0.0001805   0.0001633   0.0003787    3.49e-05  OAI22_X1
mult_277/U361                  4.859e-05   0.0003127   0.0003787   1.739e-05  NAND2_X1
mult_279/U354                  4.472e-05   0.0003146   0.0003767   1.739e-05  NAND2_X1
mult_277/U288                  0.0001994   0.0001423   0.0003766    3.49e-05  OAI22_X1
add_276/U1                     0.0002548   8.563e-05   0.0003766   3.616e-05  XOR2_X1
mult_277/U292                  0.0001691   0.0001722   0.0003761    3.49e-05  OAI22_X1
add_275/U1                     0.0002603   7.832e-05   0.0003748   3.616e-05  XOR2_X1
mult_279/U278                  0.0001956    0.000143   0.0003734    3.49e-05  OAI22_X1
mult_279/U318                   0.000197   0.0001409   0.0003728    3.49e-05  OAI22_X1
mult_278/U285                  0.0001962   0.0001415   0.0003726    3.49e-05  OAI22_X1
mult_279/U289                   0.000169    0.000165   0.0003689    3.49e-05  OAI22_X1
mult_277/U393                  2.363e-05   0.0003309   0.0003689   1.435e-05  INV_X1
mult_279/U304                  0.0001689   0.0001539   0.0003577    3.49e-05  OAI22_X1
mult_278/U390                  2.359e-05   0.0003194   0.0003573   1.435e-05  INV_X1
U293                           0.0002533   6.436e-05   0.0003538   3.616e-05  XOR2_X1
mult_277/FE_RC_11_0            0.0001464   0.0001839   0.0003524   2.207e-05  OAI21_X1
mult_277/U388                  2.484e-05   0.0003095   0.0003487   1.435e-05  INV_X1
mult_279/U388                  2.357e-05   0.0003107   0.0003486   1.435e-05  INV_X1
mult_278/U385                  2.471e-05   0.0003078   0.0003469   1.435e-05  INV_X1
mult_274/U352                  4.758e-05   0.0002797   0.0003446   1.739e-05  NAND2_X1
mult_274/U373                  2.357e-05   0.0003067   0.0003446   1.435e-05  INV_X1
mult_279/U383                  2.475e-05   0.0003035   0.0003427   1.435e-05  INV_X1
mult_274/U369                  2.445e-05    0.000302   0.0003408   1.435e-05  INV_X1
mult_278/U304                  0.0001688    0.000135   0.0003387    3.49e-05  OAI22_X1
mult_277/U375                  3.654e-05   0.0002827   0.0003366   1.739e-05  NAND2_X1
mult_278/U356                  0.0001522   0.0001493   0.0003364    3.49e-05  OAI22_X1
mult_278/U383                  2.487e-05   0.0002971   0.0003363   1.435e-05  INV_X1
mult_277/U307                   0.000169   0.0001308   0.0003346    3.49e-05  OAI22_X1
mult_278/FE_RC_13_0            0.0001459    0.000166   0.0003339   2.207e-05  OAI21_X1
mult_279/U372                  3.649e-05   0.0002799   0.0003338   1.739e-05  NAND2_X1
mult_274/U349                  0.0001497   0.0001186   0.0003336   6.531e-05  OAI222_X1
add_276/U2                     0.0001756   0.0001321   0.0003328   2.507e-05  AND2_X1
mult_278/U372                   3.65e-05   0.0002783   0.0003322   1.739e-05  NAND2_X1
mult_279/FE_RC_15_0             0.000144   0.0001649    0.000331   2.207e-05  OAI21_X1
mult_277/U363                  0.0001522   0.0001433   0.0003304    3.49e-05  OAI22_X1
mult_279/U356                  0.0001522   0.0001405   0.0003276    3.49e-05  OAI22_X1
mult_274/U347                  0.0001509   0.0001422   0.0003269   3.386e-05  AOI222_X1
mult_277/U386                  2.493e-05   0.0002829   0.0003222   1.435e-05  INV_X1
mult_274/U285                  0.0001457   0.0001345   0.0003192   3.893e-05  XOR2_X1
mult_279/U390                  2.368e-05   0.0002808   0.0003189   1.435e-05  INV_X1
mult_277/U318                  7.971e-05   0.0002214   0.0003168   1.568e-05  INV_X1
mult_274/U375                  3.465e-05   0.0002638   0.0003158   1.739e-05  NAND2_X1
mult_277/U348                  0.0001645   0.0001047   0.0003086   3.942e-05  OAI22_X1
mult_274/U377                  2.385e-05   0.0002654   0.0003036   1.435e-05  INV_X1
mult_278/U267                  8.745e-05      0.0002   0.0003018   1.428e-05  INV_X1
mult_279/U267                  8.752e-05   0.0001942    0.000296   1.428e-05  INV_X1
mult_277/U340                  8.637e-05   0.0001932   0.0002926   1.303e-05  INV_X1
mult_278/U337                  8.776e-05   0.0001894   0.0002902   1.303e-05  INV_X1
mult_277/U267                  8.757e-05   0.0001874   0.0002893   1.428e-05  INV_X1
mult_279/U315                  8.041e-05   0.0001927   0.0002888   1.568e-05  INV_X1
mult_278/U315                  7.997e-05   0.0001926   0.0002883   1.568e-05  INV_X1
mult_279/U337                  8.547e-05   0.0001896   0.0002881   1.303e-05  INV_X1
mult_277/FE_RC_14_0            0.0001467   0.0001164   0.0002851   2.207e-05  OAI21_X1
FE_PHC3_y_i_3                  0.0001916   6.849e-05   0.0002815   2.144e-05  BUF_X1
mult_279/FE_RC_9_0             0.0001631   8.489e-05   0.0002804   3.238e-05  AOI21_X1
mult_278/FE_RC_5_0              0.000163   8.437e-05   0.0002797   3.238e-05  AOI21_X1
mult_274/U336                  9.474e-05   0.0001491   0.0002787    3.49e-05  OAI22_X1
mult_278/FE_RC_4_0             0.0001628    8.33e-05   0.0002785   3.238e-05  AOI21_X1
mult_279/FE_RC_10_0            0.0001628   8.127e-05   0.0002764   3.238e-05  AOI21_X1
mult_277/FE_RC_7_0             0.0001628    8.06e-05   0.0002758   3.238e-05  AOI21_X1
mult_278/U422                  9.378e-05   0.0001406   0.0002705   3.616e-05  XOR2_X1
mult_274/U344                  9.475e-05   0.0001395   0.0002691    3.49e-05  OAI22_X1
mult_277/U425                  9.376e-05   0.0001391    0.000269   3.616e-05  XOR2_X1
mult_274/U316                  9.491e-05   0.0001391   0.0002689    3.49e-05  OAI22_X1
mult_279/FE_RC_8_0             0.0001529    8.16e-05   0.0002669   3.238e-05  AOI21_X1
mult_277/FE_RC_6_0             0.0001535   8.067e-05   0.0002666   3.238e-05  AOI21_X1
mult_279/U268                  7.554e-05   0.0001757   0.0002652   1.394e-05  INV_X1
mult_278/FE_RC_3_0             0.0001531   7.703e-05   0.0002625   3.238e-05  AOI21_X1
mult_278/U268                   7.56e-05   0.0001703   0.0002598   1.394e-05  INV_X1
mult_277/U270                  7.559e-05   0.0001664    0.000256   1.394e-05  INV_X1
mult_274/U298                  9.497e-05   0.0001337   0.0002555   2.676e-05  AOI22_X1
mult_279/U391                  2.344e-05   0.0002156   0.0002534   1.435e-05  INV_X1
mult_274/U309                  9.478e-05   0.0001229   0.0002526    3.49e-05  OAI22_X1
mult_274/U241                  7.212e-05   0.0001644   0.0002509   1.435e-05  INV_X1
mult_279/U325                   9.12e-05   0.0001464   0.0002507   1.303e-05  INV_X1
mult_274/U238                   7.21e-05    0.000162   0.0002484   1.435e-05  INV_X1
mult_277/U394                  2.381e-05   0.0002102   0.0002483   1.435e-05  INV_X1
mult_274/U292                  9.479e-05   0.0001185   0.0002482    3.49e-05  OAI22_X1
U303                           9.302e-05   0.0001336   0.0002479    2.12e-05  NOR2_X1
mult_278/U391                  2.381e-05   0.0002095   0.0002477   1.435e-05  INV_X1
mult_278/U325                  8.898e-05   0.0001447   0.0002467   1.303e-05  INV_X1
mult_274/U240                  7.179e-05   0.0001604   0.0002456   1.346e-05  INV_X1
mult_274/U279                  9.608e-05   0.0001141   0.0002451    3.49e-05  OAI22_X1
mult_277/U328                  9.041e-05   0.0001394   0.0002428   1.303e-05  INV_X1
mult_274/U326                  9.484e-05   0.0001099   0.0002396    3.49e-05  OAI22_X1
mult_274/U320                  9.484e-05   0.0001072    0.000237    3.49e-05  OAI22_X1
mult_279/U422                  9.352e-05   0.0001062   0.0002359   3.616e-05  XOR2_X1
mult_274/U367                  9.589e-05   0.0001032   0.0002352   3.616e-05  XOR2_X1
mult_274/U318                  9.487e-05   0.0001052    0.000235    3.49e-05  OAI22_X1
mult_277/U289                  9.548e-05   0.0001034   0.0002338    3.49e-05  OAI22_X1
add_275/U2                     0.0001226   8.598e-05   0.0002336   2.507e-05  AND2_X1
mult_274/U287                  9.283e-05   0.0001057   0.0002335    3.49e-05  OAI22_X1
mult_274/U310                  9.488e-05   0.0001022    0.000232    3.49e-05  OAI22_X1
mult_277/U346                  8.002e-05   0.0001389   0.0002319   1.303e-05  INV_X1
mult_274/U265                  9.276e-05   0.0001038   0.0002315    3.49e-05  OAI22_X1
mult_274/U288                  9.485e-05   0.0001001   0.0002299    3.49e-05  OAI22_X1
mult_279/U331                  7.165e-05   0.0001453   0.0002297   1.276e-05  INV_X1
mult_274/U332                  9.491e-05   9.924e-05    0.000229    3.49e-05  OAI22_X1
mult_274/U275                  9.272e-05   0.0001012   0.0002288    3.49e-05  OAI22_X1
mult_274/U278                  9.488e-05   9.897e-05   0.0002287    3.49e-05  OAI22_X1
mult_279/U286                  9.572e-05   9.765e-05   0.0002283    3.49e-05  OAI22_X1
mult_274/U262                  9.623e-05   9.699e-05   0.0002281    3.49e-05  OAI22_X1
mult_274/U284                  9.449e-05   0.0001063   0.0002276   2.676e-05  AOI22_X1
mult_278/U286                   9.58e-05   9.629e-05    0.000227    3.49e-05  OAI22_X1
mult_274/U283                  9.511e-05   9.687e-05   0.0002269    3.49e-05  OAI22_X1
mult_274/U304                  9.488e-05   9.661e-05   0.0002264    3.49e-05  OAI22_X1
mult_274/U338                  9.491e-05   9.621e-05    0.000226    3.49e-05  OAI22_X1
mult_278/U275                  9.586e-05   9.327e-05    0.000224    3.49e-05  OAI22_X1
mult_274/U258                  9.275e-05   9.618e-05   0.0002238    3.49e-05  OAI22_X1
mult_277/U312                  6.628e-05   0.0001444   0.0002234   1.276e-05  INV_X1
mult_274/U296                  9.514e-05   9.295e-05    0.000223    3.49e-05  OAI22_X1
mult_274/U276                  9.513e-05   9.265e-05   0.0002227    3.49e-05  OAI22_X1
mult_279/U275                  9.595e-05   9.133e-05   0.0002222    3.49e-05  OAI22_X1
mult_274/U289                  9.514e-05   9.112e-05   0.0002212    3.49e-05  OAI22_X1
mult_277/U277                  9.586e-05   9.028e-05    0.000221    3.49e-05  OAI22_X1
mult_277/U365                  9.749e-05   8.843e-05   0.0002208    3.49e-05  OAI22_X1
mult_274/U325                  9.494e-05   9.084e-05   0.0002207    3.49e-05  OAI22_X1
mult_278/U369                  9.582e-05   8.987e-05   0.0002206    3.49e-05  OAI22_X1
mult_278/U362                  8.939e-05   0.0001167   0.0002204   1.435e-05  INV_X1
mult_279/U403                  9.573e-05   8.978e-05   0.0002204    3.49e-05  OAI22_X1
mult_274/U294                  9.495e-05   9.026e-05   0.0002201    3.49e-05  OAI22_X1
mult_277/U372                  9.577e-05   8.934e-05     0.00022    3.49e-05  OAI22_X1
mult_274/U261                  9.275e-05   9.199e-05   0.0002196    3.49e-05  OAI22_X1
mult_277/U334                  7.164e-05   0.0001346    0.000219   1.276e-05  INV_X1
mult_279/U412                  9.431e-05   8.949e-05   0.0002187    3.49e-05  OAI22_X1
mult_274/U264                  9.513e-05   8.836e-05   0.0002184    3.49e-05  OAI22_X1
mult_274/U300                  9.515e-05   8.832e-05   0.0002184    3.49e-05  OAI22_X1
mult_278/U403                  9.577e-05    8.67e-05   0.0002174    3.49e-05  OAI22_X1
mult_277/U302                  9.451e-05   8.758e-05    0.000217    3.49e-05  OAI22_X1
mult_279/U381                  9.305e-05   8.893e-05   0.0002169    3.49e-05  OAI22_X1
mult_274/U388                  9.482e-05   8.711e-05   0.0002168    3.49e-05  OAI22_X1
mult_277/U284                  4.897e-05   0.0001533   0.0002167   1.435e-05  INV_X1
mult_277/U406                  9.551e-05   8.624e-05   0.0002167    3.49e-05  OAI22_X1
mult_279/U369                  9.593e-05   8.556e-05   0.0002164    3.49e-05  OAI22_X1
mult_274/U366                  9.507e-05   8.606e-05    0.000216    3.49e-05  OAI22_X1
mult_274/U306                  9.493e-05   8.616e-05    0.000216    3.49e-05  OAI22_X1
mult_274/U270                  9.637e-05    8.46e-05   0.0002159    3.49e-05  OAI22_X1
mult_274/U359                  9.625e-05   8.441e-05   0.0002156    3.49e-05  OAI22_X1
mult_278/U381                  9.311e-05   8.737e-05   0.0002154    3.49e-05  OAI22_X1
mult_279/U343                  7.181e-05   0.0001308   0.0002154   1.276e-05  INV_X1
mult_277/U399                  9.748e-05   8.168e-05   0.0002153   3.616e-05  XOR2_X1
mult_278/U343                  7.206e-05   0.0001302    0.000215   1.276e-05  INV_X1
mult_279/U260                  6.212e-05   0.0001408   0.0002147   1.183e-05  INV_X1
mult_277/U415                  9.444e-05   8.507e-05   0.0002144    3.49e-05  OAI22_X1
mult_274/U393                  9.485e-05   8.459e-05   0.0002143    3.49e-05  OAI22_X1
mult_274/U357                  9.267e-05   8.673e-05   0.0002143    3.49e-05  OAI22_X1
mult_278/U331                   7.19e-05   0.0001296   0.0002143   1.276e-05  INV_X1
mult_278/U412                  9.441e-05   8.447e-05   0.0002138    3.49e-05  OAI22_X1
mult_278/U260                   6.21e-05   0.0001392   0.0002131   1.183e-05  INV_X1
mult_277/U260                  6.207e-05   0.0001391    0.000213   1.183e-05  INV_X1
mult_279/U358                  9.469e-05   8.327e-05   0.0002129    3.49e-05  OAI22_X1
mult_278/U375                  9.783e-05   7.766e-05   0.0002117   3.616e-05  XOR2_X1
mult_277/U384                  9.322e-05   8.331e-05   0.0002114    3.49e-05  OAI22_X1
mult_274/U281                  9.265e-05   8.377e-05   0.0002113    3.49e-05  OAI22_X1
mult_279/U299                  9.446e-05   8.166e-05    0.000211    3.49e-05  OAI22_X1
mult_279/U309                  6.661e-05   0.0001312   0.0002106   1.276e-05  INV_X1
mult_278/U358                  9.501e-05   8.065e-05   0.0002106    3.49e-05  OAI22_X1
mult_274/U291                   9.64e-05    7.83e-05   0.0002096    3.49e-05  OAI22_X1
mult_279/U353                  9.466e-05    7.87e-05   0.0002095   3.616e-05  XOR2_X1
mult_277/U379                  9.826e-05   7.483e-05   0.0002095   3.644e-05  XNOR2_X1
mult_274/U299                  9.489e-05    7.84e-05   0.0002095   3.616e-05  XOR2_X1
mult_278/U299                  9.454e-05    7.96e-05    0.000209    3.49e-05  OAI22_X1
mult_279/U394                  9.337e-05   7.925e-05   0.0002088   3.616e-05  XOR2_X1
mult_278/U271                  9.509e-05   7.846e-05   0.0002084    3.49e-05  OAI22_X1
mult_278/U394                  9.342e-05   7.863e-05   0.0002082   3.616e-05  XOR2_X1
mult_278/U376                  9.831e-05   7.284e-05   0.0002076   3.644e-05  XNOR2_X1
mult_277/U378                  9.777e-05   7.302e-05    0.000207   3.616e-05  XOR2_X1
mult_278/U309                  6.657e-05   0.0001276   0.0002069   1.276e-05  INV_X1
mult_277/U333                  9.732e-05   7.339e-05   0.0002069   3.616e-05  XOR2_X1
mult_277/U354                  9.339e-05   7.674e-05   0.0002063   3.616e-05  XOR2_X1
mult_274/U249                  6.649e-05   0.0001168   0.0002063   2.295e-05  NAND2_X1
mult_279/U375                   9.47e-05   7.493e-05   0.0002058   3.616e-05  XOR2_X1
mult_274/U398                  9.343e-05   7.565e-05   0.0002055   3.644e-05  XNOR2_X1
mult_274/U317                  9.466e-05   7.448e-05   0.0002053   3.616e-05  XOR2_X1
mult_274/U277                  9.644e-05    7.38e-05   0.0002051    3.49e-05  OAI22_X1
mult_274/U301                  9.494e-05   7.398e-05   0.0002051   3.616e-05  XOR2_X1
mult_274/U303                  9.488e-05   7.404e-05   0.0002051   3.616e-05  XOR2_X1
mult_274/U308                  9.524e-05   7.485e-05    0.000205    3.49e-05  OAI22_X1
mult_274/U260                  9.643e-05   7.346e-05   0.0002048    3.49e-05  OAI22_X1
mult_274/U372                  9.461e-05   7.394e-05   0.0002047   3.616e-05  XOR2_X1
mult_278/U330                   9.73e-05   7.058e-05    0.000204   3.616e-05  XOR2_X1
mult_274/U297                  9.485e-05   7.299e-05    0.000204   3.616e-05  XOR2_X1
mult_277/U295                  9.622e-05   6.861e-05   0.0002039    3.91e-05  MUX2_X1
mult_279/U376                  9.448e-05   7.295e-05   0.0002039   3.644e-05  XNOR2_X1
mult_274/U365                  9.509e-05   7.261e-05   0.0002039   3.616e-05  XOR2_X1
mult_278/U353                   9.79e-05   6.961e-05   0.0002037   3.616e-05  XOR2_X1
mult_274/U382                  9.517e-05   7.229e-05   0.0002036   3.616e-05  XOR2_X1
mult_277/U351                  8.925e-05   9.987e-05   0.0002035   1.435e-05  INV_X1
mult_277/U273                  9.777e-05   7.079e-05   0.0002035    3.49e-05  OAI22_X1
mult_278/U373                  9.334e-05   7.392e-05   0.0002034   3.616e-05  XOR2_X1
mult_277/U356                   9.79e-05   6.913e-05   0.0002032   3.616e-05  XOR2_X1
mult_274/U272                  8.407e-05   8.222e-05    0.000203   3.671e-05  OAI22_X1
mult_279/U281                  3.554e-05   0.0001528   0.0002027   1.435e-05  INV_X1
mult_274/U343                  9.539e-05   7.068e-05   0.0002022   3.616e-05  XOR2_X1
mult_274/U364                  9.527e-05   7.058e-05    0.000202   3.616e-05  XOR2_X1
mult_274/U305                  9.472e-05   7.104e-05   0.0002019   3.616e-05  XOR2_X1
mult_277/U331                  9.414e-05    7.15e-05   0.0002018   3.616e-05  XOR2_X1
mult_274/U254                  5.774e-05   0.0001297   0.0002018   1.428e-05  INV_X1
mult_274/U335                  9.489e-05   7.066e-05   0.0002017   3.616e-05  XOR2_X1
mult_274/U385                  9.502e-05   7.045e-05   0.0002016   3.616e-05  XOR2_X1
mult_278/U303                  9.046e-05   9.675e-05   0.0002016   1.435e-05  INV_X1
mult_274/U380                  9.524e-05       7e-05   0.0002014   3.616e-05  XOR2_X1
mult_277/U266                  5.685e-05   0.0001324   0.0002013   1.207e-05  INV_X1
mult_274/U295                  9.438e-05   7.066e-05   0.0002012   3.616e-05  XOR2_X1
mult_274/U319                  9.468e-05   7.033e-05   0.0002012   3.616e-05  XOR2_X1
mult_278/U396                  9.741e-05   6.757e-05   0.0002011   3.616e-05  XOR2_X1
mult_279/U272                  3.282e-05   0.0001518   0.0002011   1.648e-05  INV_X1
mult_279/U351                  9.333e-05    7.14e-05   0.0002009   3.616e-05  XOR2_X1
mult_278/U292                  9.604e-05   6.567e-05   0.0002008    3.91e-05  MUX2_X1
mult_274/U324                  9.468e-05   6.993e-05   0.0002008   3.616e-05  XOR2_X1
mult_274/U360                  9.531e-05    6.93e-05   0.0002008   3.616e-05  XOR2_X1
mult_277/U274                    3.6e-05    0.000148   0.0002005   1.648e-05  INV_X1
mult_274/U355                  9.521e-05   6.914e-05   0.0002005   3.616e-05  XOR2_X1
mult_277/U306                   9.02e-05   9.595e-05   0.0002005   1.435e-05  INV_X1
mult_274/U362                  9.524e-05   6.908e-05   0.0002005   3.616e-05  XOR2_X1
mult_274/U345                  9.541e-05   6.887e-05   0.0002004   3.616e-05  XOR2_X1
mult_274/U384                  9.519e-05   6.907e-05   0.0002004   3.616e-05  XOR2_X1
mult_274/U307                   9.49e-05   6.936e-05   0.0002004   3.616e-05  XOR2_X1
mult_274/U346                  9.523e-05     6.9e-05   0.0002004   3.616e-05  XOR2_X1
mult_274/U323                  9.452e-05   6.971e-05   0.0002004   3.616e-05  XOR2_X1
mult_279/U271                  9.482e-05   7.053e-05   0.0002003    3.49e-05  OAI22_X1
mult_274/U341                  9.545e-05   6.821e-05   0.0001998   3.616e-05  XOR2_X1
mult_274/U245                  5.768e-05   0.0001277   0.0001997   1.434e-05  INV_X1
mult_274/U353                  9.467e-05   6.876e-05   0.0001996   3.616e-05  XOR2_X1
mult_277/U376                  9.332e-05   6.999e-05   0.0001995   3.616e-05  XOR2_X1
mult_274/U358                  9.524e-05   6.796e-05   0.0001994   3.616e-05  XOR2_X1
mult_274/U376                  9.514e-05   6.795e-05   0.0001993   3.616e-05  XOR2_X1
mult_279/U328                  9.401e-05   6.902e-05   0.0001992   3.616e-05  XOR2_X1
mult_274/U321                  9.473e-05   6.814e-05    0.000199   3.616e-05  XOR2_X1
mult_278/U266                  5.682e-05   0.0001301    0.000199   1.207e-05  INV_X1
mult_279/U330                  9.403e-05   6.878e-05    0.000199   3.616e-05  XOR2_X1
mult_274/U374                  9.467e-05    6.81e-05   0.0001989   3.616e-05  XOR2_X1
mult_274/U337                  9.536e-05    6.74e-05   0.0001989   3.616e-05  XOR2_X1
mult_274/U315                  9.417e-05   6.851e-05   0.0001988   3.616e-05  XOR2_X1
mult_274/U348                  9.607e-05   6.654e-05   0.0001988   3.616e-05  XOR2_X1
mult_274/U378                  9.517e-05    6.74e-05   0.0001987   3.616e-05  XOR2_X1
mult_274/U339                  9.539e-05   6.717e-05   0.0001987   3.616e-05  XOR2_X1
mult_278/U351                  9.336e-05   6.895e-05   0.0001985   3.616e-05  XOR2_X1
mult_274/U356                  9.474e-05   6.743e-05   0.0001983   3.616e-05  XOR2_X1
mult_274/U328                  9.526e-05   6.692e-05   0.0001983   3.616e-05  XOR2_X1
mult_279/U303                  8.712e-05   9.686e-05   0.0001983   1.435e-05  INV_X1
mult_274/U290                   9.46e-05   6.737e-05   0.0001981   3.616e-05  XOR2_X1
mult_274/U387                  9.585e-05   6.602e-05    0.000198   3.616e-05  XOR2_X1
mult_279/U266                  5.686e-05    0.000129    0.000198   1.207e-05  INV_X1
mult_277/U397                  9.333e-05   6.847e-05    0.000198   3.616e-05  XOR2_X1
mult_274/U313                   9.41e-05   6.763e-05   0.0001979   3.616e-05  XOR2_X1
mult_278/U328                  9.402e-05   6.744e-05   0.0001976   3.616e-05  XOR2_X1
mult_279/U396                  9.419e-05   6.718e-05   0.0001975   3.616e-05  XOR2_X1
mult_279/U373                  9.327e-05   6.784e-05   0.0001973   3.616e-05  XOR2_X1
mult_279/U401                   7.83e-05   8.281e-05   0.0001971   3.594e-05  OAI21_X1
mult_274/U237                  5.744e-05   0.0001262   0.0001968   1.312e-05  INV_X1
mult_274/U271                  4.561e-05   0.0001365   0.0001965   1.435e-05  INV_X1
mult_274/U333                  9.482e-05    6.52e-05   0.0001962   3.616e-05  XOR2_X1
mult_274/U386                  7.751e-05   8.239e-05   0.0001958   3.594e-05  OAI21_X1
mult_279/U292                  9.443e-05   6.122e-05   0.0001948    3.91e-05  MUX2_X1
mult_279/U362                   8.57e-05   9.368e-05   0.0001937   1.435e-05  INV_X1
mult_278/U401                   7.82e-05   7.932e-05   0.0001935   3.594e-05  OAI21_X1
mult_277/U370                  7.815e-05   7.878e-05   0.0001929   3.594e-05  OAI21_X1
mult_274/U392                  7.747e-05   7.914e-05   0.0001925   3.594e-05  OAI21_X1
mult_274/U263                  3.468e-05   0.0001411   0.0001923   1.648e-05  INV_X1
mult_279/U367                  7.827e-05   7.792e-05   0.0001921   3.594e-05  OAI21_X1
mult_274/U363                   7.77e-05   7.817e-05   0.0001918   3.594e-05  OAI21_X1
mult_278/U411                  7.706e-05   7.796e-05    0.000191   3.594e-05  OAI21_X1
mult_277/U404                  7.801e-05   7.671e-05   0.0001907   3.594e-05  OAI21_X1
mult_277/U414                   7.71e-05   7.718e-05   0.0001902   3.594e-05  OAI21_X1
mult_278/U367                  7.822e-05   7.594e-05   0.0001901   3.594e-05  OAI21_X1
mult_274/U247                  9.351e-05   8.193e-05   0.0001899    1.45e-05  INV_X1
mult_278/U272                  3.354e-05   0.0001392   0.0001892   1.648e-05  INV_X1
mult_279/U411                  7.706e-05   7.561e-05   0.0001886   3.594e-05  OAI21_X1
mult_277/U263                  9.146e-05   8.362e-05   0.0001881   1.303e-05  INV_X1
mult_278/U263                  9.027e-05    8.46e-05   0.0001879   1.303e-05  INV_X1
mult_278/U281                  3.704e-05   0.0001336    0.000185   1.435e-05  INV_X1
mult_277/U359                  7.729e-05   8.718e-05   0.0001849   2.041e-05  AOI21_X1
mult_274/U280                  8.523e-05    6.03e-05   0.0001847   3.921e-05  MUX2_X1
mult_279/U263                  8.719e-05   8.388e-05   0.0001841   1.303e-05  INV_X1
mult_279/U352                  7.728e-05   8.396e-05   0.0001817   2.041e-05  AOI21_X1
mult_274/FE_RC_12_0            7.337e-05   8.231e-05   0.0001778   2.207e-05  OAI21_X1
mult_278/U352                  7.727e-05    7.99e-05   0.0001776   2.041e-05  AOI21_X1
mult_274/U350                  7.697e-05   8.014e-05   0.0001775   2.041e-05  AOI21_X1
mult_278/U421                  9.315e-05   4.507e-05   0.0001744   3.616e-05  XOR2_X1
mult_277/U329                   9.49e-05   3.977e-05   0.0001708   3.616e-05  XOR2_X1
mult_274/U342                    8.4e-05   4.727e-05   0.0001707   3.942e-05  OAI22_X1
mult_277/U347                   9.47e-05   3.965e-05   0.0001705   3.616e-05  XOR2_X1
mult_274/U327                  9.401e-05   3.839e-05   0.0001686   3.616e-05  XOR2_X1
mult_279/U344                   9.45e-05   3.747e-05   0.0001681   3.616e-05  XOR2_X1
mult_274/U331                  9.338e-05   3.852e-05   0.0001681   3.616e-05  XOR2_X1
mult_278/U371                    9.4e-05    3.75e-05   0.0001677   3.616e-05  XOR2_X1
mult_278/U413                  9.307e-05   3.797e-05   0.0001672   3.616e-05  XOR2_X1
U301                           9.535e-05    3.54e-05   0.0001666   3.588e-05  OAI22_X1
mult_278/U326                  9.493e-05   3.542e-05   0.0001665   3.616e-05  XOR2_X1
mult_274/U257                  4.628e-05   0.0001062   0.0001664   1.394e-05  INV_X1
mult_278/U349                  9.403e-05    3.56e-05   0.0001658   3.616e-05  XOR2_X1
mult_278/U417                  9.281e-05   3.653e-05   0.0001655   3.616e-05  XOR2_X1
mult_279/U421                  9.291e-05   3.637e-05   0.0001654   3.616e-05  XOR2_X1
mult_277/U352                  9.382e-05   3.539e-05   0.0001654   3.616e-05  XOR2_X1
mult_279/U413                  9.299e-05    3.62e-05   0.0001654   3.616e-05  XOR2_X1
mult_277/U395                  9.382e-05   3.516e-05   0.0001651   3.616e-05  XOR2_X1
mult_277/U374                   9.38e-05   3.491e-05   0.0001649   3.616e-05  XOR2_X1
mult_274/U351                  9.334e-05   3.521e-05   0.0001647   3.616e-05  XOR2_X1
mult_278/U344                  9.443e-05   3.405e-05   0.0001646   3.616e-05  XOR2_X1
mult_279/U326                  9.438e-05   3.385e-05   0.0001644   3.616e-05  XOR2_X1
mult_279/U349                  9.344e-05   3.463e-05   0.0001642   3.616e-05  XOR2_X1
mult_274/U311                  9.397e-05   3.398e-05   0.0001641   3.616e-05  XOR2_X1
mult_278/U392                    9.4e-05    3.39e-05   0.0001641   3.616e-05  XOR2_X1
mult_279/U417                  9.276e-05    3.51e-05    0.000164   3.616e-05  XOR2_X1
mult_279/U371                   9.34e-05   3.446e-05    0.000164   3.616e-05  XOR2_X1
mult_277/U416                  9.292e-05   3.483e-05   0.0001639   3.616e-05  XOR2_X1
mult_274/U370                  9.337e-05   3.434e-05   0.0001639   3.616e-05  XOR2_X1
mult_274/U391                  9.278e-05   3.489e-05   0.0001638   3.616e-05  XOR2_X1
mult_279/U392                   9.34e-05   3.383e-05   0.0001634   3.616e-05  XOR2_X1
mult_277/U420                  9.274e-05   3.444e-05   0.0001633   3.616e-05  XOR2_X1
mult_277/U424                  9.292e-05   3.233e-05   0.0001614   3.616e-05  XOR2_X1
mult_274/U395                  9.268e-05   3.227e-05   0.0001611   3.616e-05  XOR2_X1
mult_274/U399                  9.244e-05   3.227e-05   0.0001609   3.616e-05  XOR2_X1
mult_274/FE_RC_0_0             8.056e-05   4.449e-05   0.0001574   3.238e-05  AOI21_X1
mult_274/FE_RC_2_0             8.088e-05    4.36e-05   0.0001569   3.238e-05  AOI21_X1
mult_274/U244                   4.47e-05   9.855e-05   0.0001551   1.183e-05  INV_X1
mult_274/U334                  4.334e-05   9.799e-05   0.0001544   1.303e-05  INV_X1
mult_279/U250                  9.398e-05   2.061e-05    0.000151   3.644e-05  XNOR2_X1
mult_274/FE_RC_1_0             7.197e-05   4.665e-05    0.000151   3.238e-05  AOI21_X1
mult_274/U302                  3.912e-05   9.547e-05   0.0001503   1.568e-05  INV_X1
mult_274/U255                  3.748e-05   9.991e-05   0.0001502   1.276e-05  INV_X1
mult_274/U253                  4.298e-05   9.499e-05     0.00015   1.207e-05  INV_X1
mult_278/U250                   9.38e-05    1.76e-05   0.0001478   3.644e-05  XNOR2_X1
mult_274/U246                  4.274e-05   9.127e-05    0.000147   1.303e-05  INV_X1
mult_277/U271                  4.324e-05   7.247e-05   0.0001369    2.12e-05  NOR2_X1
mult_277/U291                  4.096e-05   7.224e-05   0.0001344    2.12e-05  NOR2_X1
mult_279/U276                  4.302e-05   6.973e-05   0.0001339    2.12e-05  NOR2_X1
mult_274/U269                  4.204e-05   6.731e-05   0.0001305    2.12e-05  NOR2_X1
mult_279/U269                  4.356e-05   6.501e-05   0.0001298    2.12e-05  NOR2_X1
mult_278/U276                  4.353e-05   6.441e-05   0.0001291    2.12e-05  NOR2_X1
mult_278/U288                  4.117e-05   6.667e-05    0.000129    2.12e-05  NOR2_X1
mult_274/U259                  4.255e-05    6.42e-05   0.0001279    2.12e-05  NOR2_X1
mult_278/U269                  4.373e-05   6.223e-05   0.0001272    2.12e-05  NOR2_X1
mult_274/U340                  3.878e-05   7.535e-05   0.0001272   1.303e-05  INV_X1
mult_277/U278                  4.306e-05   6.266e-05   0.0001269    2.12e-05  NOR2_X1
mult_274/U282                  4.225e-05   6.319e-05   0.0001266    2.12e-05  NOR2_X1
mult_274/U322                  4.406e-05   6.906e-05   0.0001261   1.303e-05  INV_X1
mult_277/U353                  3.793e-05   7.137e-05   0.0001258   1.648e-05  INV_X1
mult_279/U288                  4.108e-05   6.154e-05   0.0001238    2.12e-05  NOR2_X1
mult_274/U329                  3.801e-05   6.983e-05   0.0001206   1.276e-05  INV_X1
mult_274/U293                   3.37e-05   6.943e-05   0.0001159   1.276e-05  INV_X1
mult_274/U381                  3.749e-05   5.497e-05   0.0001137    2.12e-05  NOR2_X1
mult_278/U370                  5.902e-05   2.488e-05   0.0001083   2.441e-05  OR3_X1
mult_278/U405                  5.898e-05   2.424e-05   0.0001076   2.441e-05  OR3_X1
mult_277/U373                  5.896e-05   2.253e-05   0.0001059   2.441e-05  OR3_X1
mult_277/U408                  5.879e-05   2.227e-05   0.0001055   2.441e-05  OR3_X1
mult_279/U370                  5.842e-05   2.261e-05   0.0001054   2.441e-05  OR3_X1
U302                           6.372e-05   2.735e-05   0.0001054   1.435e-05  INV_X1
mult_279/U405                  5.835e-05   2.226e-05    0.000105   2.441e-05  OR3_X1
mult_274/U368                  5.835e-05    2.09e-05   0.0001037   2.441e-05  OR3_X1
mult_274/U394                  5.814e-05   2.088e-05   0.0001034   2.441e-05  OR3_X1
mult_274/U389                  5.814e-05   2.088e-05   0.0001034   2.441e-05  OR3_X1
mult_278/U347                  3.955e-05    4.27e-05   9.874e-05   1.648e-05  INV_X1
mult_274/U250                  4.392e-05   4.053e-05   9.747e-05   1.303e-05  INV_X1
mult_277/U382                  4.083e-05   2.281e-05   9.047e-05   2.683e-05  NOR3_X1
mult_279/U347                   3.94e-05   3.427e-05   9.015e-05   1.648e-05  INV_X1
mult_274/U371                  3.944e-05   2.307e-05   8.934e-05   2.683e-05  NOR3_X1
mult_278/U379                  3.858e-05   2.195e-05   8.737e-05   2.683e-05  NOR3_X1
mult_279/U379                  3.746e-05   2.234e-05   8.664e-05   2.683e-05  NOR3_X1
mult_277/U285                   4.43e-05   2.371e-05   8.115e-05   1.314e-05  NAND2_X1
mult_274/U286                  3.149e-05   3.491e-05   8.076e-05   1.435e-05  INV_X1
mult_277/U422                  3.729e-05   2.441e-05    7.98e-05    1.81e-05  NAND3_X1
mult_279/U282                   4.39e-05   2.243e-05   7.947e-05   1.314e-05  NAND2_X1
mult_278/U282                   4.38e-05   2.022e-05   7.717e-05   1.314e-05  NAND2_X1
mult_279/U419                  3.665e-05   2.239e-05   7.714e-05    1.81e-05  NAND3_X1
mult_278/U419                  3.747e-05   2.106e-05   7.663e-05    1.81e-05  NAND3_X1
mult_274/U248                  3.989e-05   1.857e-05   7.032e-05   1.187e-05  NAND2_X1
mult_279/U294                  3.292e-05   1.416e-05   6.462e-05   1.754e-05  NAND3_X1
mult_274/U273                   2.44e-05   2.739e-05   6.402e-05   1.223e-05  INV_X1
mult_277/U297                  3.287e-05    1.31e-05   6.351e-05   1.754e-05  NAND3_X1
mult_278/U294                  3.293e-05   1.218e-05   6.265e-05   1.754e-05  NAND3_X1
mult_274/U274                  2.318e-05   1.126e-05   4.528e-05   1.084e-05  NAND2_X1

---------------------------------------------------------------------------------------

Total (   1008 of   1008  )       0.3714        0.25     0.6667     0.04527
Total Capacitance                6.481e-12 F
Power Density                   *** No Die Area ***
